[2021-3-15 20:18:5] PokemonException: Cannot create Pokemon: Missing name.
    at Function.create (/Users/liam/JAC CompSci/Web Programming II 420-4W6-AB/Assignments/exercise-3_3-terror/src/models/Pokemon.js:26:13)
    at Object.<anonymous> (/Users/liam/JAC CompSci/Web Programming II 420-4W6-AB/Assignments/exercise-3_3-terror/tests/model.test.js:24:23)
    at Promise.then.completed (/Users/liam/JAC CompSci/Web Programming II 420-4W6-AB/Assignments/exercise-3_3-terror/node_modules/jest-circus/build/utils.js:276:28)
    at new Promise (<anonymous>)
    at callAsyncCircusFn (/Users/liam/JAC CompSci/Web Programming II 420-4W6-AB/Assignments/exercise-3_3-terror/node_modules/jest-circus/build/utils.js:216:10)
    at _callCircusTest (/Users/liam/JAC CompSci/Web Programming II 420-4W6-AB/Assignments/exercise-3_3-terror/node_modules/jest-circus/build/run.js:212:40)
    at processTicksAndRejections (node:internal/process/task_queues:93:5)
    at _runTest (/Users/liam/JAC CompSci/Web Programming II 420-4W6-AB/Assignments/exercise-3_3-terror/node_modules/jest-circus/build/run.js:149:3)
    at _runTestsForDescribeBlock (/Users/liam/JAC CompSci/Web Programming II 420-4W6-AB/Assignments/exercise-3_3-terror/node_modules/jest-circus/build/run.js:63:9)
    at run (/Users/liam/JAC CompSci/Web Programming II 420-4W6-AB/Assignments/exercise-3_3-terror/node_modules/jest-circus/build/run.js:25:3)
[2021-3-15 20:18:5] PokemonException: Cannot create Pokemon: Missing type.
    at Function.create (/Users/liam/JAC CompSci/Web Programming II 420-4W6-AB/Assignments/exercise-3_3-terror/src/models/Pokemon.js:28:13)
    at Object.<anonymous> (/Users/liam/JAC CompSci/Web Programming II 420-4W6-AB/Assignments/exercise-3_3-terror/tests/model.test.js:33:23)
    at Promise.then.completed (/Users/liam/JAC CompSci/Web Programming II 420-4W6-AB/Assignments/exercise-3_3-terror/node_modules/jest-circus/build/utils.js:276:28)
    at new Promise (<anonymous>)
    at callAsyncCircusFn (/Users/liam/JAC CompSci/Web Programming II 420-4W6-AB/Assignments/exercise-3_3-terror/node_modules/jest-circus/build/utils.js:216:10)
    at _callCircusTest (/Users/liam/JAC CompSci/Web Programming II 420-4W6-AB/Assignments/exercise-3_3-terror/node_modules/jest-circus/build/run.js:212:40)
    at processTicksAndRejections (node:internal/process/task_queues:93:5)
    at _runTest (/Users/liam/JAC CompSci/Web Programming II 420-4W6-AB/Assignments/exercise-3_3-terror/node_modules/jest-circus/build/run.js:149:3)
    at _runTestsForDescribeBlock (/Users/liam/JAC CompSci/Web Programming II 420-4W6-AB/Assignments/exercise-3_3-terror/node_modules/jest-circus/build/run.js:63:9)
    at run (/Users/liam/JAC CompSci/Web Programming II 420-4W6-AB/Assignments/exercise-3_3-terror/node_modules/jest-circus/build/run.js:25:3)
[2021-3-15 20:18:5] PokemonException: Cannot create Pokemon: Missing name.
    at Function.create (/Users/liam/JAC CompSci/Web Programming II 420-4W6-AB/Assignments/exercise-3_3-terror/src/models/Pokemon.js:26:13)
    at PokemonController.action [as new] (/Users/liam/JAC CompSci/Web Programming II 420-4W6-AB/Assignments/exercise-3_3-terror/src/controllers/PokemonController.js:44:27)
    at PokemonController.doAction (/Users/liam/JAC CompSci/Web Programming II 420-4W6-AB/Assignments/exercise-3_3-terror/src/controllers/Controller.js:20:18)
    at Object.<anonymous> (/Users/liam/JAC CompSci/Web Programming II 420-4W6-AB/Assignments/exercise-3_3-terror/tests/controller.test.js:34:26)
    at Promise.then.completed (/Users/liam/JAC CompSci/Web Programming II 420-4W6-AB/Assignments/exercise-3_3-terror/node_modules/jest-circus/build/utils.js:276:28)
    at new Promise (<anonymous>)
    at callAsyncCircusFn (/Users/liam/JAC CompSci/Web Programming II 420-4W6-AB/Assignments/exercise-3_3-terror/node_modules/jest-circus/build/utils.js:216:10)
    at _callCircusTest (/Users/liam/JAC CompSci/Web Programming II 420-4W6-AB/Assignments/exercise-3_3-terror/node_modules/jest-circus/build/run.js:212:40)
    at processTicksAndRejections (node:internal/process/task_queues:93:5)
    at _runTest (/Users/liam/JAC CompSci/Web Programming II 420-4W6-AB/Assignments/exercise-3_3-terror/node_modules/jest-circus/build/run.js:149:3)
[2021-3-15 20:18:5] PokemonException: Cannot create Pokemon: Missing type.
    at Function.create (/Users/liam/JAC CompSci/Web Programming II 420-4W6-AB/Assignments/exercise-3_3-terror/src/models/Pokemon.js:28:13)
    at PokemonController.action [as new] (/Users/liam/JAC CompSci/Web Programming II 420-4W6-AB/Assignments/exercise-3_3-terror/src/controllers/PokemonController.js:44:27)
    at PokemonController.doAction (/Users/liam/JAC CompSci/Web Programming II 420-4W6-AB/Assignments/exercise-3_3-terror/src/controllers/Controller.js:20:18)
    at Object.<anonymous> (/Users/liam/JAC CompSci/Web Programming II 420-4W6-AB/Assignments/exercise-3_3-terror/tests/controller.test.js:45:26)
    at Promise.then.completed (/Users/liam/JAC CompSci/Web Programming II 420-4W6-AB/Assignments/exercise-3_3-terror/node_modules/jest-circus/build/utils.js:276:28)
    at new Promise (<anonymous>)
    at callAsyncCircusFn (/Users/liam/JAC CompSci/Web Programming II 420-4W6-AB/Assignments/exercise-3_3-terror/node_modules/jest-circus/build/utils.js:216:10)
    at _callCircusTest (/Users/liam/JAC CompSci/Web Programming II 420-4W6-AB/Assignments/exercise-3_3-terror/node_modules/jest-circus/build/run.js:212:40)
    at processTicksAndRejections (node:internal/process/task_queues:93:5)
    at _runTest (/Users/liam/JAC CompSci/Web Programming II 420-4W6-AB/Assignments/exercise-3_3-terror/node_modules/jest-circus/build/run.js:149:3)
[2021-3-15 20:18:49] PokemonException: Cannot create Pokemon: Missing name.
    at Function.create (/Users/liam/JAC CompSci/Web Programming II 420-4W6-AB/Assignments/exercise-3_3-terror/src/models/Pokemon.js:26:13)
    at Object.<anonymous> (/Users/liam/JAC CompSci/Web Programming II 420-4W6-AB/Assignments/exercise-3_3-terror/tests/model.test.js:24:23)
    at Promise.then.completed (/Users/liam/JAC CompSci/Web Programming II 420-4W6-AB/Assignments/exercise-3_3-terror/node_modules/jest-circus/build/utils.js:276:28)
    at new Promise (<anonymous>)
    at callAsyncCircusFn (/Users/liam/JAC CompSci/Web Programming II 420-4W6-AB/Assignments/exercise-3_3-terror/node_modules/jest-circus/build/utils.js:216:10)
    at _callCircusTest (/Users/liam/JAC CompSci/Web Programming II 420-4W6-AB/Assignments/exercise-3_3-terror/node_modules/jest-circus/build/run.js:212:40)
    at processTicksAndRejections (node:internal/process/task_queues:93:5)
    at _runTest (/Users/liam/JAC CompSci/Web Programming II 420-4W6-AB/Assignments/exercise-3_3-terror/node_modules/jest-circus/build/run.js:149:3)
    at _runTestsForDescribeBlock (/Users/liam/JAC CompSci/Web Programming II 420-4W6-AB/Assignments/exercise-3_3-terror/node_modules/jest-circus/build/run.js:63:9)
    at run (/Users/liam/JAC CompSci/Web Programming II 420-4W6-AB/Assignments/exercise-3_3-terror/node_modules/jest-circus/build/run.js:25:3)
[2021-3-15 20:18:49] PokemonException: Cannot create Pokemon: Missing type.
    at Function.create (/Users/liam/JAC CompSci/Web Programming II 420-4W6-AB/Assignments/exercise-3_3-terror/src/models/Pokemon.js:28:13)
    at Object.<anonymous> (/Users/liam/JAC CompSci/Web Programming II 420-4W6-AB/Assignments/exercise-3_3-terror/tests/model.test.js:33:23)
    at Promise.then.completed (/Users/liam/JAC CompSci/Web Programming II 420-4W6-AB/Assignments/exercise-3_3-terror/node_modules/jest-circus/build/utils.js:276:28)
    at new Promise (<anonymous>)
    at callAsyncCircusFn (/Users/liam/JAC CompSci/Web Programming II 420-4W6-AB/Assignments/exercise-3_3-terror/node_modules/jest-circus/build/utils.js:216:10)
    at _callCircusTest (/Users/liam/JAC CompSci/Web Programming II 420-4W6-AB/Assignments/exercise-3_3-terror/node_modules/jest-circus/build/run.js:212:40)
    at processTicksAndRejections (node:internal/process/task_queues:93:5)
    at _runTest (/Users/liam/JAC CompSci/Web Programming II 420-4W6-AB/Assignments/exercise-3_3-terror/node_modules/jest-circus/build/run.js:149:3)
    at _runTestsForDescribeBlock (/Users/liam/JAC CompSci/Web Programming II 420-4W6-AB/Assignments/exercise-3_3-terror/node_modules/jest-circus/build/run.js:63:9)
    at run (/Users/liam/JAC CompSci/Web Programming II 420-4W6-AB/Assignments/exercise-3_3-terror/node_modules/jest-circus/build/run.js:25:3)
[2021-3-15 20:18:50] PokemonException: Cannot create Pokemon: Missing name.
    at Function.create (/Users/liam/JAC CompSci/Web Programming II 420-4W6-AB/Assignments/exercise-3_3-terror/src/models/Pokemon.js:26:13)
    at PokemonController.action [as new] (/Users/liam/JAC CompSci/Web Programming II 420-4W6-AB/Assignments/exercise-3_3-terror/src/controllers/PokemonController.js:44:27)
    at PokemonController.doAction (/Users/liam/JAC CompSci/Web Programming II 420-4W6-AB/Assignments/exercise-3_3-terror/src/controllers/Controller.js:20:18)
    at Object.<anonymous> (/Users/liam/JAC CompSci/Web Programming II 420-4W6-AB/Assignments/exercise-3_3-terror/tests/controller.test.js:34:26)
    at Promise.then.completed (/Users/liam/JAC CompSci/Web Programming II 420-4W6-AB/Assignments/exercise-3_3-terror/node_modules/jest-circus/build/utils.js:276:28)
    at new Promise (<anonymous>)
    at callAsyncCircusFn (/Users/liam/JAC CompSci/Web Programming II 420-4W6-AB/Assignments/exercise-3_3-terror/node_modules/jest-circus/build/utils.js:216:10)
    at _callCircusTest (/Users/liam/JAC CompSci/Web Programming II 420-4W6-AB/Assignments/exercise-3_3-terror/node_modules/jest-circus/build/run.js:212:40)
    at processTicksAndRejections (node:internal/process/task_queues:93:5)
    at _runTest (/Users/liam/JAC CompSci/Web Programming II 420-4W6-AB/Assignments/exercise-3_3-terror/node_modules/jest-circus/build/run.js:149:3)
[2021-3-15 20:18:50] PokemonException: Cannot create Pokemon: Missing type.
    at Function.create (/Users/liam/JAC CompSci/Web Programming II 420-4W6-AB/Assignments/exercise-3_3-terror/src/models/Pokemon.js:28:13)
    at PokemonController.action [as new] (/Users/liam/JAC CompSci/Web Programming II 420-4W6-AB/Assignments/exercise-3_3-terror/src/controllers/PokemonController.js:44:27)
    at PokemonController.doAction (/Users/liam/JAC CompSci/Web Programming II 420-4W6-AB/Assignments/exercise-3_3-terror/src/controllers/Controller.js:20:18)
    at Object.<anonymous> (/Users/liam/JAC CompSci/Web Programming II 420-4W6-AB/Assignments/exercise-3_3-terror/tests/controller.test.js:45:26)
    at Promise.then.completed (/Users/liam/JAC CompSci/Web Programming II 420-4W6-AB/Assignments/exercise-3_3-terror/node_modules/jest-circus/build/utils.js:276:28)
    at new Promise (<anonymous>)
    at callAsyncCircusFn (/Users/liam/JAC CompSci/Web Programming II 420-4W6-AB/Assignments/exercise-3_3-terror/node_modules/jest-circus/build/utils.js:216:10)
    at _callCircusTest (/Users/liam/JAC CompSci/Web Programming II 420-4W6-AB/Assignments/exercise-3_3-terror/node_modules/jest-circus/build/run.js:212:40)
    at processTicksAndRejections (node:internal/process/task_queues:93:5)
    at _runTest (/Users/liam/JAC CompSci/Web Programming II 420-4W6-AB/Assignments/exercise-3_3-terror/node_modules/jest-circus/build/run.js:149:3)
[2021-3-15 20:19:6] PokemonException: Cannot create Pokemon: Missing name.
    at Function.create (/Users/liam/JAC CompSci/Web Programming II 420-4W6-AB/Assignments/exercise-3_3-terror/src/models/Pokemon.js:26:13)
    at Object.<anonymous> (/Users/liam/JAC CompSci/Web Programming II 420-4W6-AB/Assignments/exercise-3_3-terror/tests/model.test.js:24:23)
    at Promise.then.completed (/Users/liam/JAC CompSci/Web Programming II 420-4W6-AB/Assignments/exercise-3_3-terror/node_modules/jest-circus/build/utils.js:276:28)
    at new Promise (<anonymous>)
    at callAsyncCircusFn (/Users/liam/JAC CompSci/Web Programming II 420-4W6-AB/Assignments/exercise-3_3-terror/node_modules/jest-circus/build/utils.js:216:10)
    at _callCircusTest (/Users/liam/JAC CompSci/Web Programming II 420-4W6-AB/Assignments/exercise-3_3-terror/node_modules/jest-circus/build/run.js:212:40)
    at processTicksAndRejections (node:internal/process/task_queues:93:5)
    at _runTest (/Users/liam/JAC CompSci/Web Programming II 420-4W6-AB/Assignments/exercise-3_3-terror/node_modules/jest-circus/build/run.js:149:3)
    at _runTestsForDescribeBlock (/Users/liam/JAC CompSci/Web Programming II 420-4W6-AB/Assignments/exercise-3_3-terror/node_modules/jest-circus/build/run.js:63:9)
    at run (/Users/liam/JAC CompSci/Web Programming II 420-4W6-AB/Assignments/exercise-3_3-terror/node_modules/jest-circus/build/run.js:25:3)
[2021-3-15 20:19:6] PokemonException: Cannot create Pokemon: Missing type.
    at Function.create (/Users/liam/JAC CompSci/Web Programming II 420-4W6-AB/Assignments/exercise-3_3-terror/src/models/Pokemon.js:28:13)
    at Object.<anonymous> (/Users/liam/JAC CompSci/Web Programming II 420-4W6-AB/Assignments/exercise-3_3-terror/tests/model.test.js:33:23)
    at Promise.then.completed (/Users/liam/JAC CompSci/Web Programming II 420-4W6-AB/Assignments/exercise-3_3-terror/node_modules/jest-circus/build/utils.js:276:28)
    at new Promise (<anonymous>)
    at callAsyncCircusFn (/Users/liam/JAC CompSci/Web Programming II 420-4W6-AB/Assignments/exercise-3_3-terror/node_modules/jest-circus/build/utils.js:216:10)
    at _callCircusTest (/Users/liam/JAC CompSci/Web Programming II 420-4W6-AB/Assignments/exercise-3_3-terror/node_modules/jest-circus/build/run.js:212:40)
    at processTicksAndRejections (node:internal/process/task_queues:93:5)
    at _runTest (/Users/liam/JAC CompSci/Web Programming II 420-4W6-AB/Assignments/exercise-3_3-terror/node_modules/jest-circus/build/run.js:149:3)
    at _runTestsForDescribeBlock (/Users/liam/JAC CompSci/Web Programming II 420-4W6-AB/Assignments/exercise-3_3-terror/node_modules/jest-circus/build/run.js:63:9)
    at run (/Users/liam/JAC CompSci/Web Programming II 420-4W6-AB/Assignments/exercise-3_3-terror/node_modules/jest-circus/build/run.js:25:3)
[2021-3-15 20:19:7] PokemonException: Cannot create Pokemon: Missing name.
    at Function.create (/Users/liam/JAC CompSci/Web Programming II 420-4W6-AB/Assignments/exercise-3_3-terror/src/models/Pokemon.js:26:13)
    at PokemonController.action [as new] (/Users/liam/JAC CompSci/Web Programming II 420-4W6-AB/Assignments/exercise-3_3-terror/src/controllers/PokemonController.js:44:27)
    at PokemonController.doAction (/Users/liam/JAC CompSci/Web Programming II 420-4W6-AB/Assignments/exercise-3_3-terror/src/controllers/Controller.js:20:18)
    at Object.<anonymous> (/Users/liam/JAC CompSci/Web Programming II 420-4W6-AB/Assignments/exercise-3_3-terror/tests/controller.test.js:34:26)
    at Promise.then.completed (/Users/liam/JAC CompSci/Web Programming II 420-4W6-AB/Assignments/exercise-3_3-terror/node_modules/jest-circus/build/utils.js:276:28)
    at new Promise (<anonymous>)
    at callAsyncCircusFn (/Users/liam/JAC CompSci/Web Programming II 420-4W6-AB/Assignments/exercise-3_3-terror/node_modules/jest-circus/build/utils.js:216:10)
    at _callCircusTest (/Users/liam/JAC CompSci/Web Programming II 420-4W6-AB/Assignments/exercise-3_3-terror/node_modules/jest-circus/build/run.js:212:40)
    at processTicksAndRejections (node:internal/process/task_queues:93:5)
    at _runTest (/Users/liam/JAC CompSci/Web Programming II 420-4W6-AB/Assignments/exercise-3_3-terror/node_modules/jest-circus/build/run.js:149:3)
[2021-3-15 20:19:7] PokemonException: Cannot create Pokemon: Missing type.
    at Function.create (/Users/liam/JAC CompSci/Web Programming II 420-4W6-AB/Assignments/exercise-3_3-terror/src/models/Pokemon.js:28:13)
    at PokemonController.action [as new] (/Users/liam/JAC CompSci/Web Programming II 420-4W6-AB/Assignments/exercise-3_3-terror/src/controllers/PokemonController.js:44:27)
    at PokemonController.doAction (/Users/liam/JAC CompSci/Web Programming II 420-4W6-AB/Assignments/exercise-3_3-terror/src/controllers/Controller.js:20:18)
    at Object.<anonymous> (/Users/liam/JAC CompSci/Web Programming II 420-4W6-AB/Assignments/exercise-3_3-terror/tests/controller.test.js:45:26)
    at Promise.then.completed (/Users/liam/JAC CompSci/Web Programming II 420-4W6-AB/Assignments/exercise-3_3-terror/node_modules/jest-circus/build/utils.js:276:28)
    at new Promise (<anonymous>)
    at callAsyncCircusFn (/Users/liam/JAC CompSci/Web Programming II 420-4W6-AB/Assignments/exercise-3_3-terror/node_modules/jest-circus/build/utils.js:216:10)
    at _callCircusTest (/Users/liam/JAC CompSci/Web Programming II 420-4W6-AB/Assignments/exercise-3_3-terror/node_modules/jest-circus/build/run.js:212:40)
    at processTicksAndRejections (node:internal/process/task_queues:93:5)
    at _runTest (/Users/liam/JAC CompSci/Web Programming II 420-4W6-AB/Assignments/exercise-3_3-terror/node_modules/jest-circus/build/run.js:149:3)
[2021-3-15 20:19:7] ðŸ“¨ >> GET / {}
[2021-3-15 20:19:7] ðŸ’Œ << 200 OK
[2021-3-15 20:19:7] ðŸ“¨ >> GET /digimon {}
[2021-3-15 20:19:7] ðŸ’Œ << 404 NOT_FOUND
[2021-3-15 20:19:7] ðŸ“¨ >> PATCH /pokemon {}
[2021-3-15 20:19:7] ðŸ’Œ << 405 METHOD_NOT_ALLOWED
[2021-3-15 20:19:7] ðŸ“¨ >> POST /pokemon {"name":"Dragonite","type":"Dragon"}
[2021-3-15 20:19:7] ðŸ’Œ << 400 BAD_REQUEST
[2021-3-15 20:19:7] ðŸ“¨ >> POST /pokemon {"name":"","type":"Fire"}
[2021-3-15 20:19:7] PokemonException: Cannot create Pokemon: Missing name.
    at Function.create (/Users/liam/JAC CompSci/Web Programming II 420-4W6-AB/Assignments/exercise-3_3-terror/src/models/Pokemon.js:26:13)
    at PokemonController.new (/Users/liam/JAC CompSci/Web Programming II 420-4W6-AB/Assignments/exercise-3_3-terror/src/controllers/PokemonController.js:44:27)
    at PokemonController.doAction (/Users/liam/JAC CompSci/Web Programming II 420-4W6-AB/Assignments/exercise-3_3-terror/src/controllers/Controller.js:20:18)
    at Router.dispatch (/Users/liam/JAC CompSci/Web Programming II 420-4W6-AB/Assignments/exercise-3_3-terror/src/router/Router.js:34:35)
    at App.sendResponse (/Users/liam/JAC CompSci/Web Programming II 420-4W6-AB/Assignments/exercise-3_3-terror/src/App.js:41:38)
    at Server.<anonymous> (/Users/liam/JAC CompSci/Web Programming II 420-4W6-AB/Assignments/exercise-3_3-terror/server.js:84:12)
    at processTicksAndRejections (node:internal/process/task_queues:93:5)
[2021-3-15 20:19:7] ðŸ’Œ << 400 BAD_REQUEST
[2021-3-15 20:19:7] ðŸ“¨ >> POST /pokemon {"name":"Snorlax","type":""}
[2021-3-15 20:19:7] PokemonException: Cannot create Pokemon: Missing type.
    at Function.create (/Users/liam/JAC CompSci/Web Programming II 420-4W6-AB/Assignments/exercise-3_3-terror/src/models/Pokemon.js:28:13)
    at PokemonController.new (/Users/liam/JAC CompSci/Web Programming II 420-4W6-AB/Assignments/exercise-3_3-terror/src/controllers/PokemonController.js:44:27)
    at PokemonController.doAction (/Users/liam/JAC CompSci/Web Programming II 420-4W6-AB/Assignments/exercise-3_3-terror/src/controllers/Controller.js:20:18)
    at Router.dispatch (/Users/liam/JAC CompSci/Web Programming II 420-4W6-AB/Assignments/exercise-3_3-terror/src/router/Router.js:34:35)
    at App.sendResponse (/Users/liam/JAC CompSci/Web Programming II 420-4W6-AB/Assignments/exercise-3_3-terror/src/App.js:41:38)
    at Server.<anonymous> (/Users/liam/JAC CompSci/Web Programming II 420-4W6-AB/Assignments/exercise-3_3-terror/server.js:84:12)
    at processTicksAndRejections (node:internal/process/task_queues:93:5)
[2021-3-15 20:19:7] ðŸ’Œ << 400 BAD_REQUEST
[2021-3-15 20:19:7] ðŸ“¨ >> GET /pokemon/92 {}
[2021-3-15 20:19:7] ðŸ’Œ << 400 BAD_REQUEST
[2021-3-15 20:19:7] ðŸ“¨ >> PUT /pokemon/69 {"name":"Charmander"}
[2021-3-15 20:19:7] ðŸ’Œ << 400 BAD_REQUEST
[2021-3-15 20:19:7] ðŸ“¨ >> DELETE /pokemon/18 {}
[2021-3-15 20:19:7] ðŸ’Œ << 400 BAD_REQUEST
[2021-3-15 20:19:9] ðŸ“¨ >> GET / ""
[2021-3-15 20:19:9] ðŸ’Œ << 200 OK
[2021-3-15 20:19:9] ðŸ“¨ >> GET /digimon ""
[2021-3-15 20:19:9] ðŸ’Œ << 404 NOT_FOUND
[2021-3-15 20:19:9] ðŸ“¨ >> GET / ""
[2021-3-15 20:19:9] ðŸ’Œ << 200 OK
[2021-3-15 20:19:14] ðŸ“¨ >> GET / ""
[2021-3-15 20:19:14] ðŸ’Œ << 200 OK
[2021-3-15 20:19:15] ðŸ“¨ >> GET / ""
[2021-3-15 20:19:15] ðŸ’Œ << 200 OK
[2021-3-15 20:19:16] ðŸ“¨ >> GET /pokemon/87 ""
[2021-3-15 20:19:16] ðŸ’Œ << 400 BAD_REQUEST
[2021-3-15 20:19:17] ðŸ“¨ >> GET / ""
[2021-3-15 20:19:17] ðŸ’Œ << 200 OK
[2021-3-15 20:20:18] PokemonException: Cannot create Pokemon: Missing name.
    at Function.create (/Users/liam/JAC CompSci/Web Programming II 420-4W6-AB/Assignments/exercise-3_3-terror/src/models/Pokemon.js:26:13)
    at Object.<anonymous> (/Users/liam/JAC CompSci/Web Programming II 420-4W6-AB/Assignments/exercise-3_3-terror/tests/model.test.js:24:23)
    at Promise.then.completed (/Users/liam/JAC CompSci/Web Programming II 420-4W6-AB/Assignments/exercise-3_3-terror/node_modules/jest-circus/build/utils.js:276:28)
    at new Promise (<anonymous>)
    at callAsyncCircusFn (/Users/liam/JAC CompSci/Web Programming II 420-4W6-AB/Assignments/exercise-3_3-terror/node_modules/jest-circus/build/utils.js:216:10)
    at _callCircusTest (/Users/liam/JAC CompSci/Web Programming II 420-4W6-AB/Assignments/exercise-3_3-terror/node_modules/jest-circus/build/run.js:212:40)
    at processTicksAndRejections (node:internal/process/task_queues:93:5)
    at _runTest (/Users/liam/JAC CompSci/Web Programming II 420-4W6-AB/Assignments/exercise-3_3-terror/node_modules/jest-circus/build/run.js:149:3)
    at _runTestsForDescribeBlock (/Users/liam/JAC CompSci/Web Programming II 420-4W6-AB/Assignments/exercise-3_3-terror/node_modules/jest-circus/build/run.js:63:9)
    at run (/Users/liam/JAC CompSci/Web Programming II 420-4W6-AB/Assignments/exercise-3_3-terror/node_modules/jest-circus/build/run.js:25:3)
[2021-3-15 20:20:18] PokemonException: Cannot create Pokemon: Missing type.
    at Function.create (/Users/liam/JAC CompSci/Web Programming II 420-4W6-AB/Assignments/exercise-3_3-terror/src/models/Pokemon.js:28:13)
    at Object.<anonymous> (/Users/liam/JAC CompSci/Web Programming II 420-4W6-AB/Assignments/exercise-3_3-terror/tests/model.test.js:33:23)
    at Promise.then.completed (/Users/liam/JAC CompSci/Web Programming II 420-4W6-AB/Assignments/exercise-3_3-terror/node_modules/jest-circus/build/utils.js:276:28)
    at new Promise (<anonymous>)
    at callAsyncCircusFn (/Users/liam/JAC CompSci/Web Programming II 420-4W6-AB/Assignments/exercise-3_3-terror/node_modules/jest-circus/build/utils.js:216:10)
    at _callCircusTest (/Users/liam/JAC CompSci/Web Programming II 420-4W6-AB/Assignments/exercise-3_3-terror/node_modules/jest-circus/build/run.js:212:40)
    at processTicksAndRejections (node:internal/process/task_queues:93:5)
    at _runTest (/Users/liam/JAC CompSci/Web Programming II 420-4W6-AB/Assignments/exercise-3_3-terror/node_modules/jest-circus/build/run.js:149:3)
    at _runTestsForDescribeBlock (/Users/liam/JAC CompSci/Web Programming II 420-4W6-AB/Assignments/exercise-3_3-terror/node_modules/jest-circus/build/run.js:63:9)
    at run (/Users/liam/JAC CompSci/Web Programming II 420-4W6-AB/Assignments/exercise-3_3-terror/node_modules/jest-circus/build/run.js:25:3)
[2021-3-15 20:21:14] PokemonException: Cannot create Pokemon: Missing name.
    at Function.create (/Users/liam/JAC CompSci/Web Programming II 420-4W6-AB/Assignments/exercise-3_3-terror/src/models/Pokemon.js:26:13)
    at Object.<anonymous> (/Users/liam/JAC CompSci/Web Programming II 420-4W6-AB/Assignments/exercise-3_3-terror/tests/model.test.js:24:23)
    at Promise.then.completed (/Users/liam/JAC CompSci/Web Programming II 420-4W6-AB/Assignments/exercise-3_3-terror/node_modules/jest-circus/build/utils.js:276:28)
    at new Promise (<anonymous>)
    at callAsyncCircusFn (/Users/liam/JAC CompSci/Web Programming II 420-4W6-AB/Assignments/exercise-3_3-terror/node_modules/jest-circus/build/utils.js:216:10)
    at _callCircusTest (/Users/liam/JAC CompSci/Web Programming II 420-4W6-AB/Assignments/exercise-3_3-terror/node_modules/jest-circus/build/run.js:212:40)
    at processTicksAndRejections (node:internal/process/task_queues:93:5)
    at _runTest (/Users/liam/JAC CompSci/Web Programming II 420-4W6-AB/Assignments/exercise-3_3-terror/node_modules/jest-circus/build/run.js:149:3)
    at _runTestsForDescribeBlock (/Users/liam/JAC CompSci/Web Programming II 420-4W6-AB/Assignments/exercise-3_3-terror/node_modules/jest-circus/build/run.js:63:9)
    at run (/Users/liam/JAC CompSci/Web Programming II 420-4W6-AB/Assignments/exercise-3_3-terror/node_modules/jest-circus/build/run.js:25:3)
[2021-3-15 20:21:14] PokemonException: Cannot create Pokemon: Missing type.
    at Function.create (/Users/liam/JAC CompSci/Web Programming II 420-4W6-AB/Assignments/exercise-3_3-terror/src/models/Pokemon.js:28:13)
    at Object.<anonymous> (/Users/liam/JAC CompSci/Web Programming II 420-4W6-AB/Assignments/exercise-3_3-terror/tests/model.test.js:33:23)
    at Promise.then.completed (/Users/liam/JAC CompSci/Web Programming II 420-4W6-AB/Assignments/exercise-3_3-terror/node_modules/jest-circus/build/utils.js:276:28)
    at new Promise (<anonymous>)
    at callAsyncCircusFn (/Users/liam/JAC CompSci/Web Programming II 420-4W6-AB/Assignments/exercise-3_3-terror/node_modules/jest-circus/build/utils.js:216:10)
    at _callCircusTest (/Users/liam/JAC CompSci/Web Programming II 420-4W6-AB/Assignments/exercise-3_3-terror/node_modules/jest-circus/build/run.js:212:40)
    at processTicksAndRejections (node:internal/process/task_queues:93:5)
    at _runTest (/Users/liam/JAC CompSci/Web Programming II 420-4W6-AB/Assignments/exercise-3_3-terror/node_modules/jest-circus/build/run.js:149:3)
    at _runTestsForDescribeBlock (/Users/liam/JAC CompSci/Web Programming II 420-4W6-AB/Assignments/exercise-3_3-terror/node_modules/jest-circus/build/run.js:63:9)
    at run (/Users/liam/JAC CompSci/Web Programming II 420-4W6-AB/Assignments/exercise-3_3-terror/node_modules/jest-circus/build/run.js:25:3)
[2021-3-15 20:22:8] PokemonException: Cannot create Pokemon: Missing name.
    at Function.create (/Users/liam/JAC CompSci/Web Programming II 420-4W6-AB/Assignments/exercise-3_3-terror/src/models/Pokemon.js:26:13)
    at Object.<anonymous> (/Users/liam/JAC CompSci/Web Programming II 420-4W6-AB/Assignments/exercise-3_3-terror/tests/model.test.js:24:23)
    at Promise.then.completed (/Users/liam/JAC CompSci/Web Programming II 420-4W6-AB/Assignments/exercise-3_3-terror/node_modules/jest-circus/build/utils.js:276:28)
    at new Promise (<anonymous>)
    at callAsyncCircusFn (/Users/liam/JAC CompSci/Web Programming II 420-4W6-AB/Assignments/exercise-3_3-terror/node_modules/jest-circus/build/utils.js:216:10)
    at _callCircusTest (/Users/liam/JAC CompSci/Web Programming II 420-4W6-AB/Assignments/exercise-3_3-terror/node_modules/jest-circus/build/run.js:212:40)
    at processTicksAndRejections (node:internal/process/task_queues:93:5)
    at _runTest (/Users/liam/JAC CompSci/Web Programming II 420-4W6-AB/Assignments/exercise-3_3-terror/node_modules/jest-circus/build/run.js:149:3)
    at _runTestsForDescribeBlock (/Users/liam/JAC CompSci/Web Programming II 420-4W6-AB/Assignments/exercise-3_3-terror/node_modules/jest-circus/build/run.js:63:9)
    at run (/Users/liam/JAC CompSci/Web Programming II 420-4W6-AB/Assignments/exercise-3_3-terror/node_modules/jest-circus/build/run.js:25:3)
[2021-3-15 20:22:8] PokemonException: Cannot create Pokemon: Missing type.
    at Function.create (/Users/liam/JAC CompSci/Web Programming II 420-4W6-AB/Assignments/exercise-3_3-terror/src/models/Pokemon.js:28:13)
    at Object.<anonymous> (/Users/liam/JAC CompSci/Web Programming II 420-4W6-AB/Assignments/exercise-3_3-terror/tests/model.test.js:33:23)
    at Promise.then.completed (/Users/liam/JAC CompSci/Web Programming II 420-4W6-AB/Assignments/exercise-3_3-terror/node_modules/jest-circus/build/utils.js:276:28)
    at new Promise (<anonymous>)
    at callAsyncCircusFn (/Users/liam/JAC CompSci/Web Programming II 420-4W6-AB/Assignments/exercise-3_3-terror/node_modules/jest-circus/build/utils.js:216:10)
    at _callCircusTest (/Users/liam/JAC CompSci/Web Programming II 420-4W6-AB/Assignments/exercise-3_3-terror/node_modules/jest-circus/build/run.js:212:40)
    at processTicksAndRejections (node:internal/process/task_queues:93:5)
    at _runTest (/Users/liam/JAC CompSci/Web Programming II 420-4W6-AB/Assignments/exercise-3_3-terror/node_modules/jest-circus/build/run.js:149:3)
    at _runTestsForDescribeBlock (/Users/liam/JAC CompSci/Web Programming II 420-4W6-AB/Assignments/exercise-3_3-terror/node_modules/jest-circus/build/run.js:63:9)
    at run (/Users/liam/JAC CompSci/Web Programming II 420-4W6-AB/Assignments/exercise-3_3-terror/node_modules/jest-circus/build/run.js:25:3)
[2021-3-15 20:22:28] PokemonException: Cannot create Pokemon: Missing name.
    at Function.create (/Users/liam/JAC CompSci/Web Programming II 420-4W6-AB/Assignments/exercise-3_3-terror/src/models/Pokemon.js:26:13)
    at Object.<anonymous> (/Users/liam/JAC CompSci/Web Programming II 420-4W6-AB/Assignments/exercise-3_3-terror/tests/model.test.js:24:23)
    at Promise.then.completed (/Users/liam/JAC CompSci/Web Programming II 420-4W6-AB/Assignments/exercise-3_3-terror/node_modules/jest-circus/build/utils.js:276:28)
    at new Promise (<anonymous>)
    at callAsyncCircusFn (/Users/liam/JAC CompSci/Web Programming II 420-4W6-AB/Assignments/exercise-3_3-terror/node_modules/jest-circus/build/utils.js:216:10)
    at _callCircusTest (/Users/liam/JAC CompSci/Web Programming II 420-4W6-AB/Assignments/exercise-3_3-terror/node_modules/jest-circus/build/run.js:212:40)
    at processTicksAndRejections (node:internal/process/task_queues:93:5)
    at _runTest (/Users/liam/JAC CompSci/Web Programming II 420-4W6-AB/Assignments/exercise-3_3-terror/node_modules/jest-circus/build/run.js:149:3)
    at _runTestsForDescribeBlock (/Users/liam/JAC CompSci/Web Programming II 420-4W6-AB/Assignments/exercise-3_3-terror/node_modules/jest-circus/build/run.js:63:9)
    at run (/Users/liam/JAC CompSci/Web Programming II 420-4W6-AB/Assignments/exercise-3_3-terror/node_modules/jest-circus/build/run.js:25:3)
[2021-3-15 20:22:28] PokemonException: Cannot create Pokemon: Missing type.
    at Function.create (/Users/liam/JAC CompSci/Web Programming II 420-4W6-AB/Assignments/exercise-3_3-terror/src/models/Pokemon.js:28:13)
    at Object.<anonymous> (/Users/liam/JAC CompSci/Web Programming II 420-4W6-AB/Assignments/exercise-3_3-terror/tests/model.test.js:33:23)
    at Promise.then.completed (/Users/liam/JAC CompSci/Web Programming II 420-4W6-AB/Assignments/exercise-3_3-terror/node_modules/jest-circus/build/utils.js:276:28)
    at new Promise (<anonymous>)
    at callAsyncCircusFn (/Users/liam/JAC CompSci/Web Programming II 420-4W6-AB/Assignments/exercise-3_3-terror/node_modules/jest-circus/build/utils.js:216:10)
    at _callCircusTest (/Users/liam/JAC CompSci/Web Programming II 420-4W6-AB/Assignments/exercise-3_3-terror/node_modules/jest-circus/build/run.js:212:40)
    at processTicksAndRejections (node:internal/process/task_queues:93:5)
    at _runTest (/Users/liam/JAC CompSci/Web Programming II 420-4W6-AB/Assignments/exercise-3_3-terror/node_modules/jest-circus/build/run.js:149:3)
    at _runTestsForDescribeBlock (/Users/liam/JAC CompSci/Web Programming II 420-4W6-AB/Assignments/exercise-3_3-terror/node_modules/jest-circus/build/run.js:63:9)
    at run (/Users/liam/JAC CompSci/Web Programming II 420-4W6-AB/Assignments/exercise-3_3-terror/node_modules/jest-circus/build/run.js:25:3)
[2021-3-15 20:22:28] PokemonException: Cannot create Pokemon: Duplicate name.
    at Function.create (/Users/liam/JAC CompSci/Web Programming II 420-4W6-AB/Assignments/exercise-3_3-terror/src/models/Pokemon.js:37:13)
    at processTicksAndRejections (node:internal/process/task_queues:93:5)
    at Object.<anonymous> (/Users/liam/JAC CompSci/Web Programming II 420-4W6-AB/Assignments/exercise-3_3-terror/tests/model.test.js:43:2)
    at _callCircusTest (/Users/liam/JAC CompSci/Web Programming II 420-4W6-AB/Assignments/exercise-3_3-terror/node_modules/jest-circus/build/run.js:212:5)
    at _runTest (/Users/liam/JAC CompSci/Web Programming II 420-4W6-AB/Assignments/exercise-3_3-terror/node_modules/jest-circus/build/run.js:149:3)
    at _runTestsForDescribeBlock (/Users/liam/JAC CompSci/Web Programming II 420-4W6-AB/Assignments/exercise-3_3-terror/node_modules/jest-circus/build/run.js:63:9)
    at run (/Users/liam/JAC CompSci/Web Programming II 420-4W6-AB/Assignments/exercise-3_3-terror/node_modules/jest-circus/build/run.js:25:3)
    at runAndTransformResultsToJestFormat (/Users/liam/JAC CompSci/Web Programming II 420-4W6-AB/Assignments/exercise-3_3-terror/node_modules/jest-circus/build/legacy-code-todo-rewrite/jestAdapterInit.js:176:21)
    at jestAdapter (/Users/liam/JAC CompSci/Web Programming II 420-4W6-AB/Assignments/exercise-3_3-terror/node_modules/jest-circus/build/legacy-code-todo-rewrite/jestAdapter.js:109:19)
    at runTestInternal (/Users/liam/JAC CompSci/Web Programming II 420-4W6-AB/Assignments/exercise-3_3-terror/node_modules/jest-runner/build/runTest.js:380:16)
[2021-3-15 20:22:28] PokemonException: Cannot update Pokemon: Missing name.
    at Pokemon.save (/Users/liam/JAC CompSci/Web Programming II 420-4W6-AB/Assignments/exercise-3_3-terror/src/models/Pokemon.js:126:13)
    at Object.<anonymous> (/Users/liam/JAC CompSci/Web Programming II 420-4W6-AB/Assignments/exercise-3_3-terror/tests/model.test.js:76:23)
    at processTicksAndRejections (node:internal/process/task_queues:93:5)
    at _callCircusTest (/Users/liam/JAC CompSci/Web Programming II 420-4W6-AB/Assignments/exercise-3_3-terror/node_modules/jest-circus/build/run.js:212:5)
    at _runTest (/Users/liam/JAC CompSci/Web Programming II 420-4W6-AB/Assignments/exercise-3_3-terror/node_modules/jest-circus/build/run.js:149:3)
    at _runTestsForDescribeBlock (/Users/liam/JAC CompSci/Web Programming II 420-4W6-AB/Assignments/exercise-3_3-terror/node_modules/jest-circus/build/run.js:63:9)
    at run (/Users/liam/JAC CompSci/Web Programming II 420-4W6-AB/Assignments/exercise-3_3-terror/node_modules/jest-circus/build/run.js:25:3)
    at runAndTransformResultsToJestFormat (/Users/liam/JAC CompSci/Web Programming II 420-4W6-AB/Assignments/exercise-3_3-terror/node_modules/jest-circus/build/legacy-code-todo-rewrite/jestAdapterInit.js:176:21)
    at jestAdapter (/Users/liam/JAC CompSci/Web Programming II 420-4W6-AB/Assignments/exercise-3_3-terror/node_modules/jest-circus/build/legacy-code-todo-rewrite/jestAdapter.js:109:19)
    at runTestInternal (/Users/liam/JAC CompSci/Web Programming II 420-4W6-AB/Assignments/exercise-3_3-terror/node_modules/jest-runner/build/runTest.js:380:16)
[2021-3-15 20:22:28] PokemonException: Cannot update Pokemon: Missing type.
    at Pokemon.save (/Users/liam/JAC CompSci/Web Programming II 420-4W6-AB/Assignments/exercise-3_3-terror/src/models/Pokemon.js:128:13)
    at Object.<anonymous> (/Users/liam/JAC CompSci/Web Programming II 420-4W6-AB/Assignments/exercise-3_3-terror/tests/model.test.js:87:23)
    at processTicksAndRejections (node:internal/process/task_queues:93:5)
    at _callCircusTest (/Users/liam/JAC CompSci/Web Programming II 420-4W6-AB/Assignments/exercise-3_3-terror/node_modules/jest-circus/build/run.js:212:5)
    at _runTest (/Users/liam/JAC CompSci/Web Programming II 420-4W6-AB/Assignments/exercise-3_3-terror/node_modules/jest-circus/build/run.js:149:3)
    at _runTestsForDescribeBlock (/Users/liam/JAC CompSci/Web Programming II 420-4W6-AB/Assignments/exercise-3_3-terror/node_modules/jest-circus/build/run.js:63:9)
    at run (/Users/liam/JAC CompSci/Web Programming II 420-4W6-AB/Assignments/exercise-3_3-terror/node_modules/jest-circus/build/run.js:25:3)
    at runAndTransformResultsToJestFormat (/Users/liam/JAC CompSci/Web Programming II 420-4W6-AB/Assignments/exercise-3_3-terror/node_modules/jest-circus/build/legacy-code-todo-rewrite/jestAdapterInit.js:176:21)
    at jestAdapter (/Users/liam/JAC CompSci/Web Programming II 420-4W6-AB/Assignments/exercise-3_3-terror/node_modules/jest-circus/build/legacy-code-todo-rewrite/jestAdapter.js:109:19)
    at runTestInternal (/Users/liam/JAC CompSci/Web Programming II 420-4W6-AB/Assignments/exercise-3_3-terror/node_modules/jest-runner/build/runTest.js:380:16)
[2021-3-15 20:22:40] PokemonException: Cannot create Pokemon: Missing name.
    at Function.create (/Users/liam/JAC CompSci/Web Programming II 420-4W6-AB/Assignments/exercise-3_3-terror/src/models/Pokemon.js:26:13)
    at Object.<anonymous> (/Users/liam/JAC CompSci/Web Programming II 420-4W6-AB/Assignments/exercise-3_3-terror/tests/model.test.js:24:23)
    at Promise.then.completed (/Users/liam/JAC CompSci/Web Programming II 420-4W6-AB/Assignments/exercise-3_3-terror/node_modules/jest-circus/build/utils.js:276:28)
    at new Promise (<anonymous>)
    at callAsyncCircusFn (/Users/liam/JAC CompSci/Web Programming II 420-4W6-AB/Assignments/exercise-3_3-terror/node_modules/jest-circus/build/utils.js:216:10)
    at _callCircusTest (/Users/liam/JAC CompSci/Web Programming II 420-4W6-AB/Assignments/exercise-3_3-terror/node_modules/jest-circus/build/run.js:212:40)
    at processTicksAndRejections (node:internal/process/task_queues:93:5)
    at _runTest (/Users/liam/JAC CompSci/Web Programming II 420-4W6-AB/Assignments/exercise-3_3-terror/node_modules/jest-circus/build/run.js:149:3)
    at _runTestsForDescribeBlock (/Users/liam/JAC CompSci/Web Programming II 420-4W6-AB/Assignments/exercise-3_3-terror/node_modules/jest-circus/build/run.js:63:9)
    at run (/Users/liam/JAC CompSci/Web Programming II 420-4W6-AB/Assignments/exercise-3_3-terror/node_modules/jest-circus/build/run.js:25:3)
[2021-3-15 20:22:40] PokemonException: Cannot create Pokemon: Missing type.
    at Function.create (/Users/liam/JAC CompSci/Web Programming II 420-4W6-AB/Assignments/exercise-3_3-terror/src/models/Pokemon.js:28:13)
    at Object.<anonymous> (/Users/liam/JAC CompSci/Web Programming II 420-4W6-AB/Assignments/exercise-3_3-terror/tests/model.test.js:33:23)
    at Promise.then.completed (/Users/liam/JAC CompSci/Web Programming II 420-4W6-AB/Assignments/exercise-3_3-terror/node_modules/jest-circus/build/utils.js:276:28)
    at new Promise (<anonymous>)
    at callAsyncCircusFn (/Users/liam/JAC CompSci/Web Programming II 420-4W6-AB/Assignments/exercise-3_3-terror/node_modules/jest-circus/build/utils.js:216:10)
    at _callCircusTest (/Users/liam/JAC CompSci/Web Programming II 420-4W6-AB/Assignments/exercise-3_3-terror/node_modules/jest-circus/build/run.js:212:40)
    at processTicksAndRejections (node:internal/process/task_queues:93:5)
    at _runTest (/Users/liam/JAC CompSci/Web Programming II 420-4W6-AB/Assignments/exercise-3_3-terror/node_modules/jest-circus/build/run.js:149:3)
    at _runTestsForDescribeBlock (/Users/liam/JAC CompSci/Web Programming II 420-4W6-AB/Assignments/exercise-3_3-terror/node_modules/jest-circus/build/run.js:63:9)
    at run (/Users/liam/JAC CompSci/Web Programming II 420-4W6-AB/Assignments/exercise-3_3-terror/node_modules/jest-circus/build/run.js:25:3)
[2021-3-15 20:22:40] PokemonException: Cannot create Pokemon: Duplicate name.
    at Function.create (/Users/liam/JAC CompSci/Web Programming II 420-4W6-AB/Assignments/exercise-3_3-terror/src/models/Pokemon.js:37:13)
    at processTicksAndRejections (node:internal/process/task_queues:93:5)
    at Object.<anonymous> (/Users/liam/JAC CompSci/Web Programming II 420-4W6-AB/Assignments/exercise-3_3-terror/tests/model.test.js:43:2)
    at _callCircusTest (/Users/liam/JAC CompSci/Web Programming II 420-4W6-AB/Assignments/exercise-3_3-terror/node_modules/jest-circus/build/run.js:212:5)
    at _runTest (/Users/liam/JAC CompSci/Web Programming II 420-4W6-AB/Assignments/exercise-3_3-terror/node_modules/jest-circus/build/run.js:149:3)
    at _runTestsForDescribeBlock (/Users/liam/JAC CompSci/Web Programming II 420-4W6-AB/Assignments/exercise-3_3-terror/node_modules/jest-circus/build/run.js:63:9)
    at run (/Users/liam/JAC CompSci/Web Programming II 420-4W6-AB/Assignments/exercise-3_3-terror/node_modules/jest-circus/build/run.js:25:3)
    at runAndTransformResultsToJestFormat (/Users/liam/JAC CompSci/Web Programming II 420-4W6-AB/Assignments/exercise-3_3-terror/node_modules/jest-circus/build/legacy-code-todo-rewrite/jestAdapterInit.js:176:21)
    at jestAdapter (/Users/liam/JAC CompSci/Web Programming II 420-4W6-AB/Assignments/exercise-3_3-terror/node_modules/jest-circus/build/legacy-code-todo-rewrite/jestAdapter.js:109:19)
    at runTestInternal (/Users/liam/JAC CompSci/Web Programming II 420-4W6-AB/Assignments/exercise-3_3-terror/node_modules/jest-runner/build/runTest.js:380:16)
[2021-3-15 20:22:40] PokemonException: Cannot update Pokemon: Missing name.
    at Pokemon.save (/Users/liam/JAC CompSci/Web Programming II 420-4W6-AB/Assignments/exercise-3_3-terror/src/models/Pokemon.js:126:13)
    at Object.<anonymous> (/Users/liam/JAC CompSci/Web Programming II 420-4W6-AB/Assignments/exercise-3_3-terror/tests/model.test.js:76:23)
    at processTicksAndRejections (node:internal/process/task_queues:93:5)
    at _callCircusTest (/Users/liam/JAC CompSci/Web Programming II 420-4W6-AB/Assignments/exercise-3_3-terror/node_modules/jest-circus/build/run.js:212:5)
    at _runTest (/Users/liam/JAC CompSci/Web Programming II 420-4W6-AB/Assignments/exercise-3_3-terror/node_modules/jest-circus/build/run.js:149:3)
    at _runTestsForDescribeBlock (/Users/liam/JAC CompSci/Web Programming II 420-4W6-AB/Assignments/exercise-3_3-terror/node_modules/jest-circus/build/run.js:63:9)
    at run (/Users/liam/JAC CompSci/Web Programming II 420-4W6-AB/Assignments/exercise-3_3-terror/node_modules/jest-circus/build/run.js:25:3)
    at runAndTransformResultsToJestFormat (/Users/liam/JAC CompSci/Web Programming II 420-4W6-AB/Assignments/exercise-3_3-terror/node_modules/jest-circus/build/legacy-code-todo-rewrite/jestAdapterInit.js:176:21)
    at jestAdapter (/Users/liam/JAC CompSci/Web Programming II 420-4W6-AB/Assignments/exercise-3_3-terror/node_modules/jest-circus/build/legacy-code-todo-rewrite/jestAdapter.js:109:19)
    at runTestInternal (/Users/liam/JAC CompSci/Web Programming II 420-4W6-AB/Assignments/exercise-3_3-terror/node_modules/jest-runner/build/runTest.js:380:16)
[2021-3-15 20:22:40] PokemonException: Cannot update Pokemon: Missing type.
    at Pokemon.save (/Users/liam/JAC CompSci/Web Programming II 420-4W6-AB/Assignments/exercise-3_3-terror/src/models/Pokemon.js:128:13)
    at Object.<anonymous> (/Users/liam/JAC CompSci/Web Programming II 420-4W6-AB/Assignments/exercise-3_3-terror/tests/model.test.js:87:23)
    at processTicksAndRejections (node:internal/process/task_queues:93:5)
    at _callCircusTest (/Users/liam/JAC CompSci/Web Programming II 420-4W6-AB/Assignments/exercise-3_3-terror/node_modules/jest-circus/build/run.js:212:5)
    at _runTest (/Users/liam/JAC CompSci/Web Programming II 420-4W6-AB/Assignments/exercise-3_3-terror/node_modules/jest-circus/build/run.js:149:3)
    at _runTestsForDescribeBlock (/Users/liam/JAC CompSci/Web Programming II 420-4W6-AB/Assignments/exercise-3_3-terror/node_modules/jest-circus/build/run.js:63:9)
    at run (/Users/liam/JAC CompSci/Web Programming II 420-4W6-AB/Assignments/exercise-3_3-terror/node_modules/jest-circus/build/run.js:25:3)
    at runAndTransformResultsToJestFormat (/Users/liam/JAC CompSci/Web Programming II 420-4W6-AB/Assignments/exercise-3_3-terror/node_modules/jest-circus/build/legacy-code-todo-rewrite/jestAdapterInit.js:176:21)
    at jestAdapter (/Users/liam/JAC CompSci/Web Programming II 420-4W6-AB/Assignments/exercise-3_3-terror/node_modules/jest-circus/build/legacy-code-todo-rewrite/jestAdapter.js:109:19)
    at runTestInternal (/Users/liam/JAC CompSci/Web Programming II 420-4W6-AB/Assignments/exercise-3_3-terror/node_modules/jest-runner/build/runTest.js:380:16)
[2021-3-15 20:22:41] PokemonException: Cannot create Pokemon: Missing name.
    at Function.create (/Users/liam/JAC CompSci/Web Programming II 420-4W6-AB/Assignments/exercise-3_3-terror/src/models/Pokemon.js:26:13)
    at PokemonController.action [as new] (/Users/liam/JAC CompSci/Web Programming II 420-4W6-AB/Assignments/exercise-3_3-terror/src/controllers/PokemonController.js:44:27)
    at PokemonController.doAction (/Users/liam/JAC CompSci/Web Programming II 420-4W6-AB/Assignments/exercise-3_3-terror/src/controllers/Controller.js:20:18)
    at Object.<anonymous> (/Users/liam/JAC CompSci/Web Programming II 420-4W6-AB/Assignments/exercise-3_3-terror/tests/controller.test.js:34:26)
    at Promise.then.completed (/Users/liam/JAC CompSci/Web Programming II 420-4W6-AB/Assignments/exercise-3_3-terror/node_modules/jest-circus/build/utils.js:276:28)
    at new Promise (<anonymous>)
    at callAsyncCircusFn (/Users/liam/JAC CompSci/Web Programming II 420-4W6-AB/Assignments/exercise-3_3-terror/node_modules/jest-circus/build/utils.js:216:10)
    at _callCircusTest (/Users/liam/JAC CompSci/Web Programming II 420-4W6-AB/Assignments/exercise-3_3-terror/node_modules/jest-circus/build/run.js:212:40)
    at processTicksAndRejections (node:internal/process/task_queues:93:5)
    at _runTest (/Users/liam/JAC CompSci/Web Programming II 420-4W6-AB/Assignments/exercise-3_3-terror/node_modules/jest-circus/build/run.js:149:3)
[2021-3-15 20:22:41] PokemonException: Cannot create Pokemon: Missing type.
    at Function.create (/Users/liam/JAC CompSci/Web Programming II 420-4W6-AB/Assignments/exercise-3_3-terror/src/models/Pokemon.js:28:13)
    at PokemonController.action [as new] (/Users/liam/JAC CompSci/Web Programming II 420-4W6-AB/Assignments/exercise-3_3-terror/src/controllers/PokemonController.js:44:27)
    at PokemonController.doAction (/Users/liam/JAC CompSci/Web Programming II 420-4W6-AB/Assignments/exercise-3_3-terror/src/controllers/Controller.js:20:18)
    at Object.<anonymous> (/Users/liam/JAC CompSci/Web Programming II 420-4W6-AB/Assignments/exercise-3_3-terror/tests/controller.test.js:45:26)
    at Promise.then.completed (/Users/liam/JAC CompSci/Web Programming II 420-4W6-AB/Assignments/exercise-3_3-terror/node_modules/jest-circus/build/utils.js:276:28)
    at new Promise (<anonymous>)
    at callAsyncCircusFn (/Users/liam/JAC CompSci/Web Programming II 420-4W6-AB/Assignments/exercise-3_3-terror/node_modules/jest-circus/build/utils.js:216:10)
    at _callCircusTest (/Users/liam/JAC CompSci/Web Programming II 420-4W6-AB/Assignments/exercise-3_3-terror/node_modules/jest-circus/build/run.js:212:40)
    at processTicksAndRejections (node:internal/process/task_queues:93:5)
    at _runTest (/Users/liam/JAC CompSci/Web Programming II 420-4W6-AB/Assignments/exercise-3_3-terror/node_modules/jest-circus/build/run.js:149:3)
[2021-3-15 20:22:41] PokemonException: Cannot create Pokemon: Duplicate name.
    at Function.create (/Users/liam/JAC CompSci/Web Programming II 420-4W6-AB/Assignments/exercise-3_3-terror/src/models/Pokemon.js:37:13)
    at processTicksAndRejections (node:internal/process/task_queues:93:5)
    at PokemonController.new (/Users/liam/JAC CompSci/Web Programming II 420-4W6-AB/Assignments/exercise-3_3-terror/src/controllers/PokemonController.js:44:13)
    at Object.<anonymous> (/Users/liam/JAC CompSci/Web Programming II 420-4W6-AB/Assignments/exercise-3_3-terror/tests/controller.test.js:57:2)
    at _callCircusTest (/Users/liam/JAC CompSci/Web Programming II 420-4W6-AB/Assignments/exercise-3_3-terror/node_modules/jest-circus/build/run.js:212:5)
    at _runTest (/Users/liam/JAC CompSci/Web Programming II 420-4W6-AB/Assignments/exercise-3_3-terror/node_modules/jest-circus/build/run.js:149:3)
    at _runTestsForDescribeBlock (/Users/liam/JAC CompSci/Web Programming II 420-4W6-AB/Assignments/exercise-3_3-terror/node_modules/jest-circus/build/run.js:63:9)
    at run (/Users/liam/JAC CompSci/Web Programming II 420-4W6-AB/Assignments/exercise-3_3-terror/node_modules/jest-circus/build/run.js:25:3)
    at runAndTransformResultsToJestFormat (/Users/liam/JAC CompSci/Web Programming II 420-4W6-AB/Assignments/exercise-3_3-terror/node_modules/jest-circus/build/legacy-code-todo-rewrite/jestAdapterInit.js:176:21)
    at jestAdapter (/Users/liam/JAC CompSci/Web Programming II 420-4W6-AB/Assignments/exercise-3_3-terror/node_modules/jest-circus/build/legacy-code-todo-rewrite/jestAdapter.js:109:19)
[2021-3-15 20:22:41] PokemonException: Cannot retrieve Pokemon: Pokemon does not exist with ID 77.
    at PokemonController.show (/Users/liam/JAC CompSci/Web Programming II 420-4W6-AB/Assignments/exercise-3_3-terror/src/controllers/PokemonController.js:76:13)
    at processTicksAndRejections (node:internal/process/task_queues:93:5)
    at Object.<anonymous> (/Users/liam/JAC CompSci/Web Programming II 420-4W6-AB/Assignments/exercise-3_3-terror/tests/controller.test.js:111:2)
    at _callCircusTest (/Users/liam/JAC CompSci/Web Programming II 420-4W6-AB/Assignments/exercise-3_3-terror/node_modules/jest-circus/build/run.js:212:5)
    at _runTest (/Users/liam/JAC CompSci/Web Programming II 420-4W6-AB/Assignments/exercise-3_3-terror/node_modules/jest-circus/build/run.js:149:3)
    at _runTestsForDescribeBlock (/Users/liam/JAC CompSci/Web Programming II 420-4W6-AB/Assignments/exercise-3_3-terror/node_modules/jest-circus/build/run.js:63:9)
    at run (/Users/liam/JAC CompSci/Web Programming II 420-4W6-AB/Assignments/exercise-3_3-terror/node_modules/jest-circus/build/run.js:25:3)
    at runAndTransformResultsToJestFormat (/Users/liam/JAC CompSci/Web Programming II 420-4W6-AB/Assignments/exercise-3_3-terror/node_modules/jest-circus/build/legacy-code-todo-rewrite/jestAdapterInit.js:176:21)
    at jestAdapter (/Users/liam/JAC CompSci/Web Programming II 420-4W6-AB/Assignments/exercise-3_3-terror/node_modules/jest-circus/build/legacy-code-todo-rewrite/jestAdapter.js:109:19)
    at runTestInternal (/Users/liam/JAC CompSci/Web Programming II 420-4W6-AB/Assignments/exercise-3_3-terror/node_modules/jest-runner/build/runTest.js:380:16)
[2021-3-15 20:22:41] PokemonException: Cannot update Pokemon: Pokemon does not exist with ID 77.
    at PokemonController.edit (/Users/liam/JAC CompSci/Web Programming II 420-4W6-AB/Assignments/exercise-3_3-terror/src/controllers/PokemonController.js:107:13)
    at processTicksAndRejections (node:internal/process/task_queues:93:5)
    at Object.<anonymous> (/Users/liam/JAC CompSci/Web Programming II 420-4W6-AB/Assignments/exercise-3_3-terror/tests/controller.test.js:139:2)
    at _callCircusTest (/Users/liam/JAC CompSci/Web Programming II 420-4W6-AB/Assignments/exercise-3_3-terror/node_modules/jest-circus/build/run.js:212:5)
    at _runTest (/Users/liam/JAC CompSci/Web Programming II 420-4W6-AB/Assignments/exercise-3_3-terror/node_modules/jest-circus/build/run.js:149:3)
    at _runTestsForDescribeBlock (/Users/liam/JAC CompSci/Web Programming II 420-4W6-AB/Assignments/exercise-3_3-terror/node_modules/jest-circus/build/run.js:63:9)
    at run (/Users/liam/JAC CompSci/Web Programming II 420-4W6-AB/Assignments/exercise-3_3-terror/node_modules/jest-circus/build/run.js:25:3)
    at runAndTransformResultsToJestFormat (/Users/liam/JAC CompSci/Web Programming II 420-4W6-AB/Assignments/exercise-3_3-terror/node_modules/jest-circus/build/legacy-code-todo-rewrite/jestAdapterInit.js:176:21)
    at jestAdapter (/Users/liam/JAC CompSci/Web Programming II 420-4W6-AB/Assignments/exercise-3_3-terror/node_modules/jest-circus/build/legacy-code-todo-rewrite/jestAdapter.js:109:19)
    at runTestInternal (/Users/liam/JAC CompSci/Web Programming II 420-4W6-AB/Assignments/exercise-3_3-terror/node_modules/jest-runner/build/runTest.js:380:16)
[2021-3-15 20:22:41] PokemonException: Cannot update Pokemon: No update parameters were provided.
    at PokemonController.action [as edit] (/Users/liam/JAC CompSci/Web Programming II 420-4W6-AB/Assignments/exercise-3_3-terror/src/controllers/PokemonController.js:93:13)
    at PokemonController.doAction (/Users/liam/JAC CompSci/Web Programming II 420-4W6-AB/Assignments/exercise-3_3-terror/src/controllers/Controller.js:20:18)
    at Object.<anonymous> (/Users/liam/JAC CompSci/Web Programming II 420-4W6-AB/Assignments/exercise-3_3-terror/tests/controller.test.js:150:26)
    at processTicksAndRejections (node:internal/process/task_queues:93:5)
    at _callCircusTest (/Users/liam/JAC CompSci/Web Programming II 420-4W6-AB/Assignments/exercise-3_3-terror/node_modules/jest-circus/build/run.js:212:5)
    at _runTest (/Users/liam/JAC CompSci/Web Programming II 420-4W6-AB/Assignments/exercise-3_3-terror/node_modules/jest-circus/build/run.js:149:3)
    at _runTestsForDescribeBlock (/Users/liam/JAC CompSci/Web Programming II 420-4W6-AB/Assignments/exercise-3_3-terror/node_modules/jest-circus/build/run.js:63:9)
    at run (/Users/liam/JAC CompSci/Web Programming II 420-4W6-AB/Assignments/exercise-3_3-terror/node_modules/jest-circus/build/run.js:25:3)
    at runAndTransformResultsToJestFormat (/Users/liam/JAC CompSci/Web Programming II 420-4W6-AB/Assignments/exercise-3_3-terror/node_modules/jest-circus/build/legacy-code-todo-rewrite/jestAdapterInit.js:176:21)
    at jestAdapter (/Users/liam/JAC CompSci/Web Programming II 420-4W6-AB/Assignments/exercise-3_3-terror/node_modules/jest-circus/build/legacy-code-todo-rewrite/jestAdapter.js:109:19)
[2021-3-15 20:22:41] PokemonException: Cannot delete Pokemon: Pokemon does not exist with ID 87.
    at PokemonController.destroy (/Users/liam/JAC CompSci/Web Programming II 420-4W6-AB/Assignments/exercise-3_3-terror/src/controllers/PokemonController.js:142:13)
    at processTicksAndRejections (node:internal/process/task_queues:93:5)
    at Object.<anonymous> (/Users/liam/JAC CompSci/Web Programming II 420-4W6-AB/Assignments/exercise-3_3-terror/tests/controller.test.js:175:2)
    at _callCircusTest (/Users/liam/JAC CompSci/Web Programming II 420-4W6-AB/Assignments/exercise-3_3-terror/node_modules/jest-circus/build/run.js:212:5)
    at _runTest (/Users/liam/JAC CompSci/Web Programming II 420-4W6-AB/Assignments/exercise-3_3-terror/node_modules/jest-circus/build/run.js:149:3)
    at _runTestsForDescribeBlock (/Users/liam/JAC CompSci/Web Programming II 420-4W6-AB/Assignments/exercise-3_3-terror/node_modules/jest-circus/build/run.js:63:9)
    at run (/Users/liam/JAC CompSci/Web Programming II 420-4W6-AB/Assignments/exercise-3_3-terror/node_modules/jest-circus/build/run.js:25:3)
    at runAndTransformResultsToJestFormat (/Users/liam/JAC CompSci/Web Programming II 420-4W6-AB/Assignments/exercise-3_3-terror/node_modules/jest-circus/build/legacy-code-todo-rewrite/jestAdapterInit.js:176:21)
    at jestAdapter (/Users/liam/JAC CompSci/Web Programming II 420-4W6-AB/Assignments/exercise-3_3-terror/node_modules/jest-circus/build/legacy-code-todo-rewrite/jestAdapter.js:109:19)
    at runTestInternal (/Users/liam/JAC CompSci/Web Programming II 420-4W6-AB/Assignments/exercise-3_3-terror/node_modules/jest-runner/build/runTest.js:380:16)
[2021-3-15 20:22:42] PokemonException: Cannot create Pokemon: Missing name.
    at Function.create (/Users/liam/JAC CompSci/Web Programming II 420-4W6-AB/Assignments/exercise-3_3-terror/src/models/Pokemon.js:26:13)
    at PokemonController.action [as new] (/Users/liam/JAC CompSci/Web Programming II 420-4W6-AB/Assignments/exercise-3_3-terror/src/controllers/PokemonController.js:44:27)
    at PokemonController.doAction (/Users/liam/JAC CompSci/Web Programming II 420-4W6-AB/Assignments/exercise-3_3-terror/src/controllers/Controller.js:20:18)
    at Router.dispatch (/Users/liam/JAC CompSci/Web Programming II 420-4W6-AB/Assignments/exercise-3_3-terror/src/router/Router.js:34:35)
    at Object.<anonymous> (/Users/liam/JAC CompSci/Web Programming II 420-4W6-AB/Assignments/exercise-3_3-terror/tests/router.test.js:74:32)
    at processTicksAndRejections (node:internal/process/task_queues:93:5)
[2021-3-15 20:22:42] PokemonException: Cannot create Pokemon: Missing type.
    at Function.create (/Users/liam/JAC CompSci/Web Programming II 420-4W6-AB/Assignments/exercise-3_3-terror/src/models/Pokemon.js:28:13)
    at PokemonController.action [as new] (/Users/liam/JAC CompSci/Web Programming II 420-4W6-AB/Assignments/exercise-3_3-terror/src/controllers/PokemonController.js:44:27)
    at PokemonController.doAction (/Users/liam/JAC CompSci/Web Programming II 420-4W6-AB/Assignments/exercise-3_3-terror/src/controllers/Controller.js:20:18)
    at Router.dispatch (/Users/liam/JAC CompSci/Web Programming II 420-4W6-AB/Assignments/exercise-3_3-terror/src/router/Router.js:34:35)
    at Object.<anonymous> (/Users/liam/JAC CompSci/Web Programming II 420-4W6-AB/Assignments/exercise-3_3-terror/tests/router.test.js:86:32)
    at processTicksAndRejections (node:internal/process/task_queues:93:5)
[2021-3-15 20:22:42] PokemonException: Cannot create Pokemon: Duplicate name.
    at Function.create (/Users/liam/JAC CompSci/Web Programming II 420-4W6-AB/Assignments/exercise-3_3-terror/src/models/Pokemon.js:37:13)
    at processTicksAndRejections (node:internal/process/task_queues:93:5)
    at PokemonController.new (/Users/liam/JAC CompSci/Web Programming II 420-4W6-AB/Assignments/exercise-3_3-terror/src/controllers/PokemonController.js:44:13)
    at Router.dispatch (/Users/liam/JAC CompSci/Web Programming II 420-4W6-AB/Assignments/exercise-3_3-terror/src/router/Router.js:34:13)
    at Object.<anonymous> (/Users/liam/JAC CompSci/Web Programming II 420-4W6-AB/Assignments/exercise-3_3-terror/tests/router.test.js:99:19)
    at _callCircusTest (/Users/liam/JAC CompSci/Web Programming II 420-4W6-AB/Assignments/exercise-3_3-terror/node_modules/jest-circus/build/run.js:212:5)
    at _runTest (/Users/liam/JAC CompSci/Web Programming II 420-4W6-AB/Assignments/exercise-3_3-terror/node_modules/jest-circus/build/run.js:149:3)
    at _runTestsForDescribeBlock (/Users/liam/JAC CompSci/Web Programming II 420-4W6-AB/Assignments/exercise-3_3-terror/node_modules/jest-circus/build/run.js:63:9)
    at run (/Users/liam/JAC CompSci/Web Programming II 420-4W6-AB/Assignments/exercise-3_3-terror/node_modules/jest-circus/build/run.js:25:3)
    at runAndTransformResultsToJestFormat (/Users/liam/JAC CompSci/Web Programming II 420-4W6-AB/Assignments/exercise-3_3-terror/node_modules/jest-circus/build/legacy-code-todo-rewrite/jestAdapterInit.js:176:21)
[2021-3-15 20:22:42] PokemonException: Cannot retrieve Pokemon: Pokemon does not exist with ID 30.
    at PokemonController.show (/Users/liam/JAC CompSci/Web Programming II 420-4W6-AB/Assignments/exercise-3_3-terror/src/controllers/PokemonController.js:76:13)
    at processTicksAndRejections (node:internal/process/task_queues:93:5)
    at Router.dispatch (/Users/liam/JAC CompSci/Web Programming II 420-4W6-AB/Assignments/exercise-3_3-terror/src/router/Router.js:34:13)
    at Object.<anonymous> (/Users/liam/JAC CompSci/Web Programming II 420-4W6-AB/Assignments/exercise-3_3-terror/tests/router.test.js:152:19)
    at _callCircusTest (/Users/liam/JAC CompSci/Web Programming II 420-4W6-AB/Assignments/exercise-3_3-terror/node_modules/jest-circus/build/run.js:212:5)
    at _runTest (/Users/liam/JAC CompSci/Web Programming II 420-4W6-AB/Assignments/exercise-3_3-terror/node_modules/jest-circus/build/run.js:149:3)
    at _runTestsForDescribeBlock (/Users/liam/JAC CompSci/Web Programming II 420-4W6-AB/Assignments/exercise-3_3-terror/node_modules/jest-circus/build/run.js:63:9)
    at run (/Users/liam/JAC CompSci/Web Programming II 420-4W6-AB/Assignments/exercise-3_3-terror/node_modules/jest-circus/build/run.js:25:3)
    at runAndTransformResultsToJestFormat (/Users/liam/JAC CompSci/Web Programming II 420-4W6-AB/Assignments/exercise-3_3-terror/node_modules/jest-circus/build/legacy-code-todo-rewrite/jestAdapterInit.js:176:21)
    at jestAdapter (/Users/liam/JAC CompSci/Web Programming II 420-4W6-AB/Assignments/exercise-3_3-terror/node_modules/jest-circus/build/legacy-code-todo-rewrite/jestAdapter.js:109:19)
[2021-3-15 20:22:42] PokemonException: Cannot update Pokemon: Pokemon does not exist with ID 37.
    at PokemonController.edit (/Users/liam/JAC CompSci/Web Programming II 420-4W6-AB/Assignments/exercise-3_3-terror/src/controllers/PokemonController.js:107:13)
    at runMicrotasks (<anonymous>)
    at processTicksAndRejections (node:internal/process/task_queues:93:5)
    at Router.dispatch (/Users/liam/JAC CompSci/Web Programming II 420-4W6-AB/Assignments/exercise-3_3-terror/src/router/Router.js:34:13)
    at Object.<anonymous> (/Users/liam/JAC CompSci/Web Programming II 420-4W6-AB/Assignments/exercise-3_3-terror/tests/router.test.js:188:19)
    at _callCircusTest (/Users/liam/JAC CompSci/Web Programming II 420-4W6-AB/Assignments/exercise-3_3-terror/node_modules/jest-circus/build/run.js:212:5)
    at _runTest (/Users/liam/JAC CompSci/Web Programming II 420-4W6-AB/Assignments/exercise-3_3-terror/node_modules/jest-circus/build/run.js:149:3)
    at _runTestsForDescribeBlock (/Users/liam/JAC CompSci/Web Programming II 420-4W6-AB/Assignments/exercise-3_3-terror/node_modules/jest-circus/build/run.js:63:9)
    at run (/Users/liam/JAC CompSci/Web Programming II 420-4W6-AB/Assignments/exercise-3_3-terror/node_modules/jest-circus/build/run.js:25:3)
    at runAndTransformResultsToJestFormat (/Users/liam/JAC CompSci/Web Programming II 420-4W6-AB/Assignments/exercise-3_3-terror/node_modules/jest-circus/build/legacy-code-todo-rewrite/jestAdapterInit.js:176:21)
[2021-3-15 20:22:42] PokemonException: Cannot update Pokemon: No update parameters were provided.
    at PokemonController.action [as edit] (/Users/liam/JAC CompSci/Web Programming II 420-4W6-AB/Assignments/exercise-3_3-terror/src/controllers/PokemonController.js:93:13)
    at PokemonController.doAction (/Users/liam/JAC CompSci/Web Programming II 420-4W6-AB/Assignments/exercise-3_3-terror/src/controllers/Controller.js:20:18)
    at Router.dispatch (/Users/liam/JAC CompSci/Web Programming II 420-4W6-AB/Assignments/exercise-3_3-terror/src/router/Router.js:34:35)
    at Object.<anonymous> (/Users/liam/JAC CompSci/Web Programming II 420-4W6-AB/Assignments/exercise-3_3-terror/tests/router.test.js:200:32)
    at runMicrotasks (<anonymous>)
    at processTicksAndRejections (node:internal/process/task_queues:93:5)
    at _callCircusTest (/Users/liam/JAC CompSci/Web Programming II 420-4W6-AB/Assignments/exercise-3_3-terror/node_modules/jest-circus/build/run.js:212:5)
    at _runTest (/Users/liam/JAC CompSci/Web Programming II 420-4W6-AB/Assignments/exercise-3_3-terror/node_modules/jest-circus/build/run.js:149:3)
    at _runTestsForDescribeBlock (/Users/liam/JAC CompSci/Web Programming II 420-4W6-AB/Assignments/exercise-3_3-terror/node_modules/jest-circus/build/run.js:63:9)
    at run (/Users/liam/JAC CompSci/Web Programming II 420-4W6-AB/Assignments/exercise-3_3-terror/node_modules/jest-circus/build/run.js:25:3)
[2021-3-15 20:22:42] PokemonException: Cannot update Pokemon: No update parameters were provided.
    at PokemonController.action [as edit] (/Users/liam/JAC CompSci/Web Programming II 420-4W6-AB/Assignments/exercise-3_3-terror/src/controllers/PokemonController.js:93:13)
    at PokemonController.doAction (/Users/liam/JAC CompSci/Web Programming II 420-4W6-AB/Assignments/exercise-3_3-terror/src/controllers/Controller.js:20:18)
    at Router.dispatch (/Users/liam/JAC CompSci/Web Programming II 420-4W6-AB/Assignments/exercise-3_3-terror/src/router/Router.js:34:35)
    at Object.<anonymous> (/Users/liam/JAC CompSci/Web Programming II 420-4W6-AB/Assignments/exercise-3_3-terror/tests/router.test.js:212:32)
    at runMicrotasks (<anonymous>)
    at processTicksAndRejections (node:internal/process/task_queues:93:5)
    at _callCircusTest (/Users/liam/JAC CompSci/Web Programming II 420-4W6-AB/Assignments/exercise-3_3-terror/node_modules/jest-circus/build/run.js:212:5)
    at _runTest (/Users/liam/JAC CompSci/Web Programming II 420-4W6-AB/Assignments/exercise-3_3-terror/node_modules/jest-circus/build/run.js:149:3)
    at _runTestsForDescribeBlock (/Users/liam/JAC CompSci/Web Programming II 420-4W6-AB/Assignments/exercise-3_3-terror/node_modules/jest-circus/build/run.js:63:9)
    at run (/Users/liam/JAC CompSci/Web Programming II 420-4W6-AB/Assignments/exercise-3_3-terror/node_modules/jest-circus/build/run.js:25:3)
[2021-3-15 20:22:42] PokemonException: Cannot retrieve Pokemon: Pokemon does not exist with ID 73.
    at PokemonController.show (/Users/liam/JAC CompSci/Web Programming II 420-4W6-AB/Assignments/exercise-3_3-terror/src/controllers/PokemonController.js:76:13)
    at runMicrotasks (<anonymous>)
    at processTicksAndRejections (node:internal/process/task_queues:93:5)
    at Router.dispatch (/Users/liam/JAC CompSci/Web Programming II 420-4W6-AB/Assignments/exercise-3_3-terror/src/router/Router.js:34:13)
    at Object.<anonymous> (/Users/liam/JAC CompSci/Web Programming II 420-4W6-AB/Assignments/exercise-3_3-terror/tests/router.test.js:238:13)
    at _callCircusTest (/Users/liam/JAC CompSci/Web Programming II 420-4W6-AB/Assignments/exercise-3_3-terror/node_modules/jest-circus/build/run.js:212:5)
    at _runTest (/Users/liam/JAC CompSci/Web Programming II 420-4W6-AB/Assignments/exercise-3_3-terror/node_modules/jest-circus/build/run.js:149:3)
    at _runTestsForDescribeBlock (/Users/liam/JAC CompSci/Web Programming II 420-4W6-AB/Assignments/exercise-3_3-terror/node_modules/jest-circus/build/run.js:63:9)
    at run (/Users/liam/JAC CompSci/Web Programming II 420-4W6-AB/Assignments/exercise-3_3-terror/node_modules/jest-circus/build/run.js:25:3)
    at runAndTransformResultsToJestFormat (/Users/liam/JAC CompSci/Web Programming II 420-4W6-AB/Assignments/exercise-3_3-terror/node_modules/jest-circus/build/legacy-code-todo-rewrite/jestAdapterInit.js:176:21)
[2021-3-15 20:22:42] PokemonException: Cannot delete Pokemon: Pokemon does not exist with ID 75.
    at PokemonController.destroy (/Users/liam/JAC CompSci/Web Programming II 420-4W6-AB/Assignments/exercise-3_3-terror/src/controllers/PokemonController.js:142:13)
    at runMicrotasks (<anonymous>)
    at processTicksAndRejections (node:internal/process/task_queues:93:5)
    at Router.dispatch (/Users/liam/JAC CompSci/Web Programming II 420-4W6-AB/Assignments/exercise-3_3-terror/src/router/Router.js:34:13)
    at Object.<anonymous> (/Users/liam/JAC CompSci/Web Programming II 420-4W6-AB/Assignments/exercise-3_3-terror/tests/router.test.js:249:19)
    at _callCircusTest (/Users/liam/JAC CompSci/Web Programming II 420-4W6-AB/Assignments/exercise-3_3-terror/node_modules/jest-circus/build/run.js:212:5)
    at _runTest (/Users/liam/JAC CompSci/Web Programming II 420-4W6-AB/Assignments/exercise-3_3-terror/node_modules/jest-circus/build/run.js:149:3)
    at _runTestsForDescribeBlock (/Users/liam/JAC CompSci/Web Programming II 420-4W6-AB/Assignments/exercise-3_3-terror/node_modules/jest-circus/build/run.js:63:9)
    at run (/Users/liam/JAC CompSci/Web Programming II 420-4W6-AB/Assignments/exercise-3_3-terror/node_modules/jest-circus/build/run.js:25:3)
    at runAndTransformResultsToJestFormat (/Users/liam/JAC CompSci/Web Programming II 420-4W6-AB/Assignments/exercise-3_3-terror/node_modules/jest-circus/build/legacy-code-todo-rewrite/jestAdapterInit.js:176:21)
[2021-3-15 20:23:17] PokemonException: Cannot create Pokemon: Missing name.
    at Function.create (/Users/liam/JAC CompSci/Web Programming II 420-4W6-AB/Assignments/exercise-3_3-terror/src/models/Pokemon.js:26:13)
    at Object.<anonymous> (/Users/liam/JAC CompSci/Web Programming II 420-4W6-AB/Assignments/exercise-3_3-terror/tests/model.test.js:24:23)
    at Promise.then.completed (/Users/liam/JAC CompSci/Web Programming II 420-4W6-AB/Assignments/exercise-3_3-terror/node_modules/jest-circus/build/utils.js:276:28)
    at new Promise (<anonymous>)
    at callAsyncCircusFn (/Users/liam/JAC CompSci/Web Programming II 420-4W6-AB/Assignments/exercise-3_3-terror/node_modules/jest-circus/build/utils.js:216:10)
    at _callCircusTest (/Users/liam/JAC CompSci/Web Programming II 420-4W6-AB/Assignments/exercise-3_3-terror/node_modules/jest-circus/build/run.js:212:40)
    at processTicksAndRejections (node:internal/process/task_queues:93:5)
    at _runTest (/Users/liam/JAC CompSci/Web Programming II 420-4W6-AB/Assignments/exercise-3_3-terror/node_modules/jest-circus/build/run.js:149:3)
    at _runTestsForDescribeBlock (/Users/liam/JAC CompSci/Web Programming II 420-4W6-AB/Assignments/exercise-3_3-terror/node_modules/jest-circus/build/run.js:63:9)
    at run (/Users/liam/JAC CompSci/Web Programming II 420-4W6-AB/Assignments/exercise-3_3-terror/node_modules/jest-circus/build/run.js:25:3)
[2021-3-15 20:23:17] PokemonException: Cannot create Pokemon: Missing type.
    at Function.create (/Users/liam/JAC CompSci/Web Programming II 420-4W6-AB/Assignments/exercise-3_3-terror/src/models/Pokemon.js:28:13)
    at Object.<anonymous> (/Users/liam/JAC CompSci/Web Programming II 420-4W6-AB/Assignments/exercise-3_3-terror/tests/model.test.js:33:23)
    at Promise.then.completed (/Users/liam/JAC CompSci/Web Programming II 420-4W6-AB/Assignments/exercise-3_3-terror/node_modules/jest-circus/build/utils.js:276:28)
    at new Promise (<anonymous>)
    at callAsyncCircusFn (/Users/liam/JAC CompSci/Web Programming II 420-4W6-AB/Assignments/exercise-3_3-terror/node_modules/jest-circus/build/utils.js:216:10)
    at _callCircusTest (/Users/liam/JAC CompSci/Web Programming II 420-4W6-AB/Assignments/exercise-3_3-terror/node_modules/jest-circus/build/run.js:212:40)
    at processTicksAndRejections (node:internal/process/task_queues:93:5)
    at _runTest (/Users/liam/JAC CompSci/Web Programming II 420-4W6-AB/Assignments/exercise-3_3-terror/node_modules/jest-circus/build/run.js:149:3)
    at _runTestsForDescribeBlock (/Users/liam/JAC CompSci/Web Programming II 420-4W6-AB/Assignments/exercise-3_3-terror/node_modules/jest-circus/build/run.js:63:9)
    at run (/Users/liam/JAC CompSci/Web Programming II 420-4W6-AB/Assignments/exercise-3_3-terror/node_modules/jest-circus/build/run.js:25:3)
[2021-3-15 20:23:17] PokemonException: Cannot create Pokemon: Duplicate name.
    at Function.create (/Users/liam/JAC CompSci/Web Programming II 420-4W6-AB/Assignments/exercise-3_3-terror/src/models/Pokemon.js:37:13)
    at processTicksAndRejections (node:internal/process/task_queues:93:5)
    at Object.<anonymous> (/Users/liam/JAC CompSci/Web Programming II 420-4W6-AB/Assignments/exercise-3_3-terror/tests/model.test.js:43:2)
    at _callCircusTest (/Users/liam/JAC CompSci/Web Programming II 420-4W6-AB/Assignments/exercise-3_3-terror/node_modules/jest-circus/build/run.js:212:5)
    at _runTest (/Users/liam/JAC CompSci/Web Programming II 420-4W6-AB/Assignments/exercise-3_3-terror/node_modules/jest-circus/build/run.js:149:3)
    at _runTestsForDescribeBlock (/Users/liam/JAC CompSci/Web Programming II 420-4W6-AB/Assignments/exercise-3_3-terror/node_modules/jest-circus/build/run.js:63:9)
    at run (/Users/liam/JAC CompSci/Web Programming II 420-4W6-AB/Assignments/exercise-3_3-terror/node_modules/jest-circus/build/run.js:25:3)
    at runAndTransformResultsToJestFormat (/Users/liam/JAC CompSci/Web Programming II 420-4W6-AB/Assignments/exercise-3_3-terror/node_modules/jest-circus/build/legacy-code-todo-rewrite/jestAdapterInit.js:176:21)
    at jestAdapter (/Users/liam/JAC CompSci/Web Programming II 420-4W6-AB/Assignments/exercise-3_3-terror/node_modules/jest-circus/build/legacy-code-todo-rewrite/jestAdapter.js:109:19)
    at runTestInternal (/Users/liam/JAC CompSci/Web Programming II 420-4W6-AB/Assignments/exercise-3_3-terror/node_modules/jest-runner/build/runTest.js:380:16)
[2021-3-15 20:23:17] PokemonException: Cannot update Pokemon: Missing name.
    at Pokemon.save (/Users/liam/JAC CompSci/Web Programming II 420-4W6-AB/Assignments/exercise-3_3-terror/src/models/Pokemon.js:126:13)
    at Object.<anonymous> (/Users/liam/JAC CompSci/Web Programming II 420-4W6-AB/Assignments/exercise-3_3-terror/tests/model.test.js:76:23)
    at processTicksAndRejections (node:internal/process/task_queues:93:5)
    at _callCircusTest (/Users/liam/JAC CompSci/Web Programming II 420-4W6-AB/Assignments/exercise-3_3-terror/node_modules/jest-circus/build/run.js:212:5)
    at _runTest (/Users/liam/JAC CompSci/Web Programming II 420-4W6-AB/Assignments/exercise-3_3-terror/node_modules/jest-circus/build/run.js:149:3)
    at _runTestsForDescribeBlock (/Users/liam/JAC CompSci/Web Programming II 420-4W6-AB/Assignments/exercise-3_3-terror/node_modules/jest-circus/build/run.js:63:9)
    at run (/Users/liam/JAC CompSci/Web Programming II 420-4W6-AB/Assignments/exercise-3_3-terror/node_modules/jest-circus/build/run.js:25:3)
    at runAndTransformResultsToJestFormat (/Users/liam/JAC CompSci/Web Programming II 420-4W6-AB/Assignments/exercise-3_3-terror/node_modules/jest-circus/build/legacy-code-todo-rewrite/jestAdapterInit.js:176:21)
    at jestAdapter (/Users/liam/JAC CompSci/Web Programming II 420-4W6-AB/Assignments/exercise-3_3-terror/node_modules/jest-circus/build/legacy-code-todo-rewrite/jestAdapter.js:109:19)
    at runTestInternal (/Users/liam/JAC CompSci/Web Programming II 420-4W6-AB/Assignments/exercise-3_3-terror/node_modules/jest-runner/build/runTest.js:380:16)
[2021-3-15 20:23:17] PokemonException: Cannot update Pokemon: Missing type.
    at Pokemon.save (/Users/liam/JAC CompSci/Web Programming II 420-4W6-AB/Assignments/exercise-3_3-terror/src/models/Pokemon.js:128:13)
    at Object.<anonymous> (/Users/liam/JAC CompSci/Web Programming II 420-4W6-AB/Assignments/exercise-3_3-terror/tests/model.test.js:87:23)
    at processTicksAndRejections (node:internal/process/task_queues:93:5)
    at _callCircusTest (/Users/liam/JAC CompSci/Web Programming II 420-4W6-AB/Assignments/exercise-3_3-terror/node_modules/jest-circus/build/run.js:212:5)
    at _runTest (/Users/liam/JAC CompSci/Web Programming II 420-4W6-AB/Assignments/exercise-3_3-terror/node_modules/jest-circus/build/run.js:149:3)
    at _runTestsForDescribeBlock (/Users/liam/JAC CompSci/Web Programming II 420-4W6-AB/Assignments/exercise-3_3-terror/node_modules/jest-circus/build/run.js:63:9)
    at run (/Users/liam/JAC CompSci/Web Programming II 420-4W6-AB/Assignments/exercise-3_3-terror/node_modules/jest-circus/build/run.js:25:3)
    at runAndTransformResultsToJestFormat (/Users/liam/JAC CompSci/Web Programming II 420-4W6-AB/Assignments/exercise-3_3-terror/node_modules/jest-circus/build/legacy-code-todo-rewrite/jestAdapterInit.js:176:21)
    at jestAdapter (/Users/liam/JAC CompSci/Web Programming II 420-4W6-AB/Assignments/exercise-3_3-terror/node_modules/jest-circus/build/legacy-code-todo-rewrite/jestAdapter.js:109:19)
    at runTestInternal (/Users/liam/JAC CompSci/Web Programming II 420-4W6-AB/Assignments/exercise-3_3-terror/node_modules/jest-runner/build/runTest.js:380:16)
[2021-3-15 20:23:18] PokemonException: Cannot create Pokemon: Missing name.
    at Function.create (/Users/liam/JAC CompSci/Web Programming II 420-4W6-AB/Assignments/exercise-3_3-terror/src/models/Pokemon.js:26:13)
    at PokemonController.action [as new] (/Users/liam/JAC CompSci/Web Programming II 420-4W6-AB/Assignments/exercise-3_3-terror/src/controllers/PokemonController.js:44:27)
    at PokemonController.doAction (/Users/liam/JAC CompSci/Web Programming II 420-4W6-AB/Assignments/exercise-3_3-terror/src/controllers/Controller.js:20:18)
    at Object.<anonymous> (/Users/liam/JAC CompSci/Web Programming II 420-4W6-AB/Assignments/exercise-3_3-terror/tests/controller.test.js:34:26)
    at Promise.then.completed (/Users/liam/JAC CompSci/Web Programming II 420-4W6-AB/Assignments/exercise-3_3-terror/node_modules/jest-circus/build/utils.js:276:28)
    at new Promise (<anonymous>)
    at callAsyncCircusFn (/Users/liam/JAC CompSci/Web Programming II 420-4W6-AB/Assignments/exercise-3_3-terror/node_modules/jest-circus/build/utils.js:216:10)
    at _callCircusTest (/Users/liam/JAC CompSci/Web Programming II 420-4W6-AB/Assignments/exercise-3_3-terror/node_modules/jest-circus/build/run.js:212:40)
    at processTicksAndRejections (node:internal/process/task_queues:93:5)
    at _runTest (/Users/liam/JAC CompSci/Web Programming II 420-4W6-AB/Assignments/exercise-3_3-terror/node_modules/jest-circus/build/run.js:149:3)
[2021-3-15 20:23:18] PokemonException: Cannot create Pokemon: Missing type.
    at Function.create (/Users/liam/JAC CompSci/Web Programming II 420-4W6-AB/Assignments/exercise-3_3-terror/src/models/Pokemon.js:28:13)
    at PokemonController.action [as new] (/Users/liam/JAC CompSci/Web Programming II 420-4W6-AB/Assignments/exercise-3_3-terror/src/controllers/PokemonController.js:44:27)
    at PokemonController.doAction (/Users/liam/JAC CompSci/Web Programming II 420-4W6-AB/Assignments/exercise-3_3-terror/src/controllers/Controller.js:20:18)
    at Object.<anonymous> (/Users/liam/JAC CompSci/Web Programming II 420-4W6-AB/Assignments/exercise-3_3-terror/tests/controller.test.js:45:26)
    at Promise.then.completed (/Users/liam/JAC CompSci/Web Programming II 420-4W6-AB/Assignments/exercise-3_3-terror/node_modules/jest-circus/build/utils.js:276:28)
    at new Promise (<anonymous>)
    at callAsyncCircusFn (/Users/liam/JAC CompSci/Web Programming II 420-4W6-AB/Assignments/exercise-3_3-terror/node_modules/jest-circus/build/utils.js:216:10)
    at _callCircusTest (/Users/liam/JAC CompSci/Web Programming II 420-4W6-AB/Assignments/exercise-3_3-terror/node_modules/jest-circus/build/run.js:212:40)
    at processTicksAndRejections (node:internal/process/task_queues:93:5)
    at _runTest (/Users/liam/JAC CompSci/Web Programming II 420-4W6-AB/Assignments/exercise-3_3-terror/node_modules/jest-circus/build/run.js:149:3)
[2021-3-15 20:23:18] PokemonException: Cannot create Pokemon: Duplicate name.
    at Function.create (/Users/liam/JAC CompSci/Web Programming II 420-4W6-AB/Assignments/exercise-3_3-terror/src/models/Pokemon.js:37:13)
    at processTicksAndRejections (node:internal/process/task_queues:93:5)
    at PokemonController.new (/Users/liam/JAC CompSci/Web Programming II 420-4W6-AB/Assignments/exercise-3_3-terror/src/controllers/PokemonController.js:44:13)
    at Object.<anonymous> (/Users/liam/JAC CompSci/Web Programming II 420-4W6-AB/Assignments/exercise-3_3-terror/tests/controller.test.js:57:2)
    at _callCircusTest (/Users/liam/JAC CompSci/Web Programming II 420-4W6-AB/Assignments/exercise-3_3-terror/node_modules/jest-circus/build/run.js:212:5)
    at _runTest (/Users/liam/JAC CompSci/Web Programming II 420-4W6-AB/Assignments/exercise-3_3-terror/node_modules/jest-circus/build/run.js:149:3)
    at _runTestsForDescribeBlock (/Users/liam/JAC CompSci/Web Programming II 420-4W6-AB/Assignments/exercise-3_3-terror/node_modules/jest-circus/build/run.js:63:9)
    at run (/Users/liam/JAC CompSci/Web Programming II 420-4W6-AB/Assignments/exercise-3_3-terror/node_modules/jest-circus/build/run.js:25:3)
    at runAndTransformResultsToJestFormat (/Users/liam/JAC CompSci/Web Programming II 420-4W6-AB/Assignments/exercise-3_3-terror/node_modules/jest-circus/build/legacy-code-todo-rewrite/jestAdapterInit.js:176:21)
    at jestAdapter (/Users/liam/JAC CompSci/Web Programming II 420-4W6-AB/Assignments/exercise-3_3-terror/node_modules/jest-circus/build/legacy-code-todo-rewrite/jestAdapter.js:109:19)
[2021-3-15 20:23:18] PokemonException: Cannot retrieve Pokemon: Pokemon does not exist with ID 11.
    at PokemonController.show (/Users/liam/JAC CompSci/Web Programming II 420-4W6-AB/Assignments/exercise-3_3-terror/src/controllers/PokemonController.js:76:13)
    at processTicksAndRejections (node:internal/process/task_queues:93:5)
    at Object.<anonymous> (/Users/liam/JAC CompSci/Web Programming II 420-4W6-AB/Assignments/exercise-3_3-terror/tests/controller.test.js:111:2)
    at _callCircusTest (/Users/liam/JAC CompSci/Web Programming II 420-4W6-AB/Assignments/exercise-3_3-terror/node_modules/jest-circus/build/run.js:212:5)
    at _runTest (/Users/liam/JAC CompSci/Web Programming II 420-4W6-AB/Assignments/exercise-3_3-terror/node_modules/jest-circus/build/run.js:149:3)
    at _runTestsForDescribeBlock (/Users/liam/JAC CompSci/Web Programming II 420-4W6-AB/Assignments/exercise-3_3-terror/node_modules/jest-circus/build/run.js:63:9)
    at run (/Users/liam/JAC CompSci/Web Programming II 420-4W6-AB/Assignments/exercise-3_3-terror/node_modules/jest-circus/build/run.js:25:3)
    at runAndTransformResultsToJestFormat (/Users/liam/JAC CompSci/Web Programming II 420-4W6-AB/Assignments/exercise-3_3-terror/node_modules/jest-circus/build/legacy-code-todo-rewrite/jestAdapterInit.js:176:21)
    at jestAdapter (/Users/liam/JAC CompSci/Web Programming II 420-4W6-AB/Assignments/exercise-3_3-terror/node_modules/jest-circus/build/legacy-code-todo-rewrite/jestAdapter.js:109:19)
    at runTestInternal (/Users/liam/JAC CompSci/Web Programming II 420-4W6-AB/Assignments/exercise-3_3-terror/node_modules/jest-runner/build/runTest.js:380:16)
[2021-3-15 20:23:18] PokemonException: Cannot update Pokemon: Pokemon does not exist with ID 14.
    at PokemonController.edit (/Users/liam/JAC CompSci/Web Programming II 420-4W6-AB/Assignments/exercise-3_3-terror/src/controllers/PokemonController.js:107:13)
    at processTicksAndRejections (node:internal/process/task_queues:93:5)
    at Object.<anonymous> (/Users/liam/JAC CompSci/Web Programming II 420-4W6-AB/Assignments/exercise-3_3-terror/tests/controller.test.js:139:2)
    at _callCircusTest (/Users/liam/JAC CompSci/Web Programming II 420-4W6-AB/Assignments/exercise-3_3-terror/node_modules/jest-circus/build/run.js:212:5)
    at _runTest (/Users/liam/JAC CompSci/Web Programming II 420-4W6-AB/Assignments/exercise-3_3-terror/node_modules/jest-circus/build/run.js:149:3)
    at _runTestsForDescribeBlock (/Users/liam/JAC CompSci/Web Programming II 420-4W6-AB/Assignments/exercise-3_3-terror/node_modules/jest-circus/build/run.js:63:9)
    at run (/Users/liam/JAC CompSci/Web Programming II 420-4W6-AB/Assignments/exercise-3_3-terror/node_modules/jest-circus/build/run.js:25:3)
    at runAndTransformResultsToJestFormat (/Users/liam/JAC CompSci/Web Programming II 420-4W6-AB/Assignments/exercise-3_3-terror/node_modules/jest-circus/build/legacy-code-todo-rewrite/jestAdapterInit.js:176:21)
    at jestAdapter (/Users/liam/JAC CompSci/Web Programming II 420-4W6-AB/Assignments/exercise-3_3-terror/node_modules/jest-circus/build/legacy-code-todo-rewrite/jestAdapter.js:109:19)
    at runTestInternal (/Users/liam/JAC CompSci/Web Programming II 420-4W6-AB/Assignments/exercise-3_3-terror/node_modules/jest-runner/build/runTest.js:380:16)
[2021-3-15 20:23:18] PokemonException: Cannot update Pokemon: No update parameters were provided.
    at PokemonController.action [as edit] (/Users/liam/JAC CompSci/Web Programming II 420-4W6-AB/Assignments/exercise-3_3-terror/src/controllers/PokemonController.js:93:13)
    at PokemonController.doAction (/Users/liam/JAC CompSci/Web Programming II 420-4W6-AB/Assignments/exercise-3_3-terror/src/controllers/Controller.js:20:18)
    at Object.<anonymous> (/Users/liam/JAC CompSci/Web Programming II 420-4W6-AB/Assignments/exercise-3_3-terror/tests/controller.test.js:150:26)
    at processTicksAndRejections (node:internal/process/task_queues:93:5)
    at _callCircusTest (/Users/liam/JAC CompSci/Web Programming II 420-4W6-AB/Assignments/exercise-3_3-terror/node_modules/jest-circus/build/run.js:212:5)
    at _runTest (/Users/liam/JAC CompSci/Web Programming II 420-4W6-AB/Assignments/exercise-3_3-terror/node_modules/jest-circus/build/run.js:149:3)
    at _runTestsForDescribeBlock (/Users/liam/JAC CompSci/Web Programming II 420-4W6-AB/Assignments/exercise-3_3-terror/node_modules/jest-circus/build/run.js:63:9)
    at run (/Users/liam/JAC CompSci/Web Programming II 420-4W6-AB/Assignments/exercise-3_3-terror/node_modules/jest-circus/build/run.js:25:3)
    at runAndTransformResultsToJestFormat (/Users/liam/JAC CompSci/Web Programming II 420-4W6-AB/Assignments/exercise-3_3-terror/node_modules/jest-circus/build/legacy-code-todo-rewrite/jestAdapterInit.js:176:21)
    at jestAdapter (/Users/liam/JAC CompSci/Web Programming II 420-4W6-AB/Assignments/exercise-3_3-terror/node_modules/jest-circus/build/legacy-code-todo-rewrite/jestAdapter.js:109:19)
[2021-3-15 20:23:18] PokemonException: Cannot delete Pokemon: Pokemon does not exist with ID 5.
    at PokemonController.destroy (/Users/liam/JAC CompSci/Web Programming II 420-4W6-AB/Assignments/exercise-3_3-terror/src/controllers/PokemonController.js:142:13)
    at processTicksAndRejections (node:internal/process/task_queues:93:5)
    at Object.<anonymous> (/Users/liam/JAC CompSci/Web Programming II 420-4W6-AB/Assignments/exercise-3_3-terror/tests/controller.test.js:175:2)
    at _callCircusTest (/Users/liam/JAC CompSci/Web Programming II 420-4W6-AB/Assignments/exercise-3_3-terror/node_modules/jest-circus/build/run.js:212:5)
    at _runTest (/Users/liam/JAC CompSci/Web Programming II 420-4W6-AB/Assignments/exercise-3_3-terror/node_modules/jest-circus/build/run.js:149:3)
    at _runTestsForDescribeBlock (/Users/liam/JAC CompSci/Web Programming II 420-4W6-AB/Assignments/exercise-3_3-terror/node_modules/jest-circus/build/run.js:63:9)
    at run (/Users/liam/JAC CompSci/Web Programming II 420-4W6-AB/Assignments/exercise-3_3-terror/node_modules/jest-circus/build/run.js:25:3)
    at runAndTransformResultsToJestFormat (/Users/liam/JAC CompSci/Web Programming II 420-4W6-AB/Assignments/exercise-3_3-terror/node_modules/jest-circus/build/legacy-code-todo-rewrite/jestAdapterInit.js:176:21)
    at jestAdapter (/Users/liam/JAC CompSci/Web Programming II 420-4W6-AB/Assignments/exercise-3_3-terror/node_modules/jest-circus/build/legacy-code-todo-rewrite/jestAdapter.js:109:19)
    at runTestInternal (/Users/liam/JAC CompSci/Web Programming II 420-4W6-AB/Assignments/exercise-3_3-terror/node_modules/jest-runner/build/runTest.js:380:16)
[2021-3-15 20:23:18] PokemonException: Cannot create Pokemon: Missing name.
    at Function.create (/Users/liam/JAC CompSci/Web Programming II 420-4W6-AB/Assignments/exercise-3_3-terror/src/models/Pokemon.js:26:13)
    at PokemonController.action [as new] (/Users/liam/JAC CompSci/Web Programming II 420-4W6-AB/Assignments/exercise-3_3-terror/src/controllers/PokemonController.js:44:27)
    at PokemonController.doAction (/Users/liam/JAC CompSci/Web Programming II 420-4W6-AB/Assignments/exercise-3_3-terror/src/controllers/Controller.js:20:18)
    at Router.dispatch (/Users/liam/JAC CompSci/Web Programming II 420-4W6-AB/Assignments/exercise-3_3-terror/src/router/Router.js:34:35)
    at Object.<anonymous> (/Users/liam/JAC CompSci/Web Programming II 420-4W6-AB/Assignments/exercise-3_3-terror/tests/router.test.js:74:32)
    at processTicksAndRejections (node:internal/process/task_queues:93:5)
[2021-3-15 20:23:18] PokemonException: Cannot create Pokemon: Missing type.
    at Function.create (/Users/liam/JAC CompSci/Web Programming II 420-4W6-AB/Assignments/exercise-3_3-terror/src/models/Pokemon.js:28:13)
    at PokemonController.action [as new] (/Users/liam/JAC CompSci/Web Programming II 420-4W6-AB/Assignments/exercise-3_3-terror/src/controllers/PokemonController.js:44:27)
    at PokemonController.doAction (/Users/liam/JAC CompSci/Web Programming II 420-4W6-AB/Assignments/exercise-3_3-terror/src/controllers/Controller.js:20:18)
    at Router.dispatch (/Users/liam/JAC CompSci/Web Programming II 420-4W6-AB/Assignments/exercise-3_3-terror/src/router/Router.js:34:35)
    at Object.<anonymous> (/Users/liam/JAC CompSci/Web Programming II 420-4W6-AB/Assignments/exercise-3_3-terror/tests/router.test.js:86:32)
    at processTicksAndRejections (node:internal/process/task_queues:93:5)
[2021-3-15 20:23:19] PokemonException: Cannot create Pokemon: Duplicate name.
    at Function.create (/Users/liam/JAC CompSci/Web Programming II 420-4W6-AB/Assignments/exercise-3_3-terror/src/models/Pokemon.js:37:13)
    at processTicksAndRejections (node:internal/process/task_queues:93:5)
    at PokemonController.new (/Users/liam/JAC CompSci/Web Programming II 420-4W6-AB/Assignments/exercise-3_3-terror/src/controllers/PokemonController.js:44:13)
    at Router.dispatch (/Users/liam/JAC CompSci/Web Programming II 420-4W6-AB/Assignments/exercise-3_3-terror/src/router/Router.js:34:13)
    at Object.<anonymous> (/Users/liam/JAC CompSci/Web Programming II 420-4W6-AB/Assignments/exercise-3_3-terror/tests/router.test.js:99:19)
    at _callCircusTest (/Users/liam/JAC CompSci/Web Programming II 420-4W6-AB/Assignments/exercise-3_3-terror/node_modules/jest-circus/build/run.js:212:5)
    at _runTest (/Users/liam/JAC CompSci/Web Programming II 420-4W6-AB/Assignments/exercise-3_3-terror/node_modules/jest-circus/build/run.js:149:3)
    at _runTestsForDescribeBlock (/Users/liam/JAC CompSci/Web Programming II 420-4W6-AB/Assignments/exercise-3_3-terror/node_modules/jest-circus/build/run.js:63:9)
    at run (/Users/liam/JAC CompSci/Web Programming II 420-4W6-AB/Assignments/exercise-3_3-terror/node_modules/jest-circus/build/run.js:25:3)
    at runAndTransformResultsToJestFormat (/Users/liam/JAC CompSci/Web Programming II 420-4W6-AB/Assignments/exercise-3_3-terror/node_modules/jest-circus/build/legacy-code-todo-rewrite/jestAdapterInit.js:176:21)
[2021-3-15 20:23:19] PokemonException: Cannot retrieve Pokemon: Pokemon does not exist with ID 76.
    at PokemonController.show (/Users/liam/JAC CompSci/Web Programming II 420-4W6-AB/Assignments/exercise-3_3-terror/src/controllers/PokemonController.js:76:13)
    at processTicksAndRejections (node:internal/process/task_queues:93:5)
    at Router.dispatch (/Users/liam/JAC CompSci/Web Programming II 420-4W6-AB/Assignments/exercise-3_3-terror/src/router/Router.js:34:13)
    at Object.<anonymous> (/Users/liam/JAC CompSci/Web Programming II 420-4W6-AB/Assignments/exercise-3_3-terror/tests/router.test.js:152:19)
    at _callCircusTest (/Users/liam/JAC CompSci/Web Programming II 420-4W6-AB/Assignments/exercise-3_3-terror/node_modules/jest-circus/build/run.js:212:5)
    at _runTest (/Users/liam/JAC CompSci/Web Programming II 420-4W6-AB/Assignments/exercise-3_3-terror/node_modules/jest-circus/build/run.js:149:3)
    at _runTestsForDescribeBlock (/Users/liam/JAC CompSci/Web Programming II 420-4W6-AB/Assignments/exercise-3_3-terror/node_modules/jest-circus/build/run.js:63:9)
    at run (/Users/liam/JAC CompSci/Web Programming II 420-4W6-AB/Assignments/exercise-3_3-terror/node_modules/jest-circus/build/run.js:25:3)
    at runAndTransformResultsToJestFormat (/Users/liam/JAC CompSci/Web Programming II 420-4W6-AB/Assignments/exercise-3_3-terror/node_modules/jest-circus/build/legacy-code-todo-rewrite/jestAdapterInit.js:176:21)
    at jestAdapter (/Users/liam/JAC CompSci/Web Programming II 420-4W6-AB/Assignments/exercise-3_3-terror/node_modules/jest-circus/build/legacy-code-todo-rewrite/jestAdapter.js:109:19)
[2021-3-15 20:23:19] PokemonException: Cannot update Pokemon: Pokemon does not exist with ID 61.
    at PokemonController.edit (/Users/liam/JAC CompSci/Web Programming II 420-4W6-AB/Assignments/exercise-3_3-terror/src/controllers/PokemonController.js:107:13)
    at runMicrotasks (<anonymous>)
    at processTicksAndRejections (node:internal/process/task_queues:93:5)
    at Router.dispatch (/Users/liam/JAC CompSci/Web Programming II 420-4W6-AB/Assignments/exercise-3_3-terror/src/router/Router.js:34:13)
    at Object.<anonymous> (/Users/liam/JAC CompSci/Web Programming II 420-4W6-AB/Assignments/exercise-3_3-terror/tests/router.test.js:188:19)
    at _callCircusTest (/Users/liam/JAC CompSci/Web Programming II 420-4W6-AB/Assignments/exercise-3_3-terror/node_modules/jest-circus/build/run.js:212:5)
    at _runTest (/Users/liam/JAC CompSci/Web Programming II 420-4W6-AB/Assignments/exercise-3_3-terror/node_modules/jest-circus/build/run.js:149:3)
    at _runTestsForDescribeBlock (/Users/liam/JAC CompSci/Web Programming II 420-4W6-AB/Assignments/exercise-3_3-terror/node_modules/jest-circus/build/run.js:63:9)
    at run (/Users/liam/JAC CompSci/Web Programming II 420-4W6-AB/Assignments/exercise-3_3-terror/node_modules/jest-circus/build/run.js:25:3)
    at runAndTransformResultsToJestFormat (/Users/liam/JAC CompSci/Web Programming II 420-4W6-AB/Assignments/exercise-3_3-terror/node_modules/jest-circus/build/legacy-code-todo-rewrite/jestAdapterInit.js:176:21)
[2021-3-15 20:23:19] PokemonException: Cannot update Pokemon: No update parameters were provided.
    at PokemonController.action [as edit] (/Users/liam/JAC CompSci/Web Programming II 420-4W6-AB/Assignments/exercise-3_3-terror/src/controllers/PokemonController.js:93:13)
    at PokemonController.doAction (/Users/liam/JAC CompSci/Web Programming II 420-4W6-AB/Assignments/exercise-3_3-terror/src/controllers/Controller.js:20:18)
    at Router.dispatch (/Users/liam/JAC CompSci/Web Programming II 420-4W6-AB/Assignments/exercise-3_3-terror/src/router/Router.js:34:35)
    at Object.<anonymous> (/Users/liam/JAC CompSci/Web Programming II 420-4W6-AB/Assignments/exercise-3_3-terror/tests/router.test.js:200:32)
    at runMicrotasks (<anonymous>)
    at processTicksAndRejections (node:internal/process/task_queues:93:5)
    at _callCircusTest (/Users/liam/JAC CompSci/Web Programming II 420-4W6-AB/Assignments/exercise-3_3-terror/node_modules/jest-circus/build/run.js:212:5)
    at _runTest (/Users/liam/JAC CompSci/Web Programming II 420-4W6-AB/Assignments/exercise-3_3-terror/node_modules/jest-circus/build/run.js:149:3)
    at _runTestsForDescribeBlock (/Users/liam/JAC CompSci/Web Programming II 420-4W6-AB/Assignments/exercise-3_3-terror/node_modules/jest-circus/build/run.js:63:9)
    at run (/Users/liam/JAC CompSci/Web Programming II 420-4W6-AB/Assignments/exercise-3_3-terror/node_modules/jest-circus/build/run.js:25:3)
[2021-3-15 20:23:19] PokemonException: Cannot update Pokemon: No update parameters were provided.
    at PokemonController.action [as edit] (/Users/liam/JAC CompSci/Web Programming II 420-4W6-AB/Assignments/exercise-3_3-terror/src/controllers/PokemonController.js:93:13)
    at PokemonController.doAction (/Users/liam/JAC CompSci/Web Programming II 420-4W6-AB/Assignments/exercise-3_3-terror/src/controllers/Controller.js:20:18)
    at Router.dispatch (/Users/liam/JAC CompSci/Web Programming II 420-4W6-AB/Assignments/exercise-3_3-terror/src/router/Router.js:34:35)
    at Object.<anonymous> (/Users/liam/JAC CompSci/Web Programming II 420-4W6-AB/Assignments/exercise-3_3-terror/tests/router.test.js:212:32)
    at runMicrotasks (<anonymous>)
    at processTicksAndRejections (node:internal/process/task_queues:93:5)
    at _callCircusTest (/Users/liam/JAC CompSci/Web Programming II 420-4W6-AB/Assignments/exercise-3_3-terror/node_modules/jest-circus/build/run.js:212:5)
    at _runTest (/Users/liam/JAC CompSci/Web Programming II 420-4W6-AB/Assignments/exercise-3_3-terror/node_modules/jest-circus/build/run.js:149:3)
    at _runTestsForDescribeBlock (/Users/liam/JAC CompSci/Web Programming II 420-4W6-AB/Assignments/exercise-3_3-terror/node_modules/jest-circus/build/run.js:63:9)
    at run (/Users/liam/JAC CompSci/Web Programming II 420-4W6-AB/Assignments/exercise-3_3-terror/node_modules/jest-circus/build/run.js:25:3)
[2021-3-15 20:23:19] PokemonException: Cannot retrieve Pokemon: Pokemon does not exist with ID 63.
    at PokemonController.show (/Users/liam/JAC CompSci/Web Programming II 420-4W6-AB/Assignments/exercise-3_3-terror/src/controllers/PokemonController.js:76:13)
    at runMicrotasks (<anonymous>)
    at processTicksAndRejections (node:internal/process/task_queues:93:5)
    at Router.dispatch (/Users/liam/JAC CompSci/Web Programming II 420-4W6-AB/Assignments/exercise-3_3-terror/src/router/Router.js:34:13)
    at Object.<anonymous> (/Users/liam/JAC CompSci/Web Programming II 420-4W6-AB/Assignments/exercise-3_3-terror/tests/router.test.js:238:13)
    at _callCircusTest (/Users/liam/JAC CompSci/Web Programming II 420-4W6-AB/Assignments/exercise-3_3-terror/node_modules/jest-circus/build/run.js:212:5)
    at _runTest (/Users/liam/JAC CompSci/Web Programming II 420-4W6-AB/Assignments/exercise-3_3-terror/node_modules/jest-circus/build/run.js:149:3)
    at _runTestsForDescribeBlock (/Users/liam/JAC CompSci/Web Programming II 420-4W6-AB/Assignments/exercise-3_3-terror/node_modules/jest-circus/build/run.js:63:9)
    at run (/Users/liam/JAC CompSci/Web Programming II 420-4W6-AB/Assignments/exercise-3_3-terror/node_modules/jest-circus/build/run.js:25:3)
    at runAndTransformResultsToJestFormat (/Users/liam/JAC CompSci/Web Programming II 420-4W6-AB/Assignments/exercise-3_3-terror/node_modules/jest-circus/build/legacy-code-todo-rewrite/jestAdapterInit.js:176:21)
[2021-3-15 20:23:19] PokemonException: Cannot delete Pokemon: Pokemon does not exist with ID 12.
    at PokemonController.destroy (/Users/liam/JAC CompSci/Web Programming II 420-4W6-AB/Assignments/exercise-3_3-terror/src/controllers/PokemonController.js:142:13)
    at runMicrotasks (<anonymous>)
    at processTicksAndRejections (node:internal/process/task_queues:93:5)
    at Router.dispatch (/Users/liam/JAC CompSci/Web Programming II 420-4W6-AB/Assignments/exercise-3_3-terror/src/router/Router.js:34:13)
    at Object.<anonymous> (/Users/liam/JAC CompSci/Web Programming II 420-4W6-AB/Assignments/exercise-3_3-terror/tests/router.test.js:249:19)
    at _callCircusTest (/Users/liam/JAC CompSci/Web Programming II 420-4W6-AB/Assignments/exercise-3_3-terror/node_modules/jest-circus/build/run.js:212:5)
    at _runTest (/Users/liam/JAC CompSci/Web Programming II 420-4W6-AB/Assignments/exercise-3_3-terror/node_modules/jest-circus/build/run.js:149:3)
    at _runTestsForDescribeBlock (/Users/liam/JAC CompSci/Web Programming II 420-4W6-AB/Assignments/exercise-3_3-terror/node_modules/jest-circus/build/run.js:63:9)
    at run (/Users/liam/JAC CompSci/Web Programming II 420-4W6-AB/Assignments/exercise-3_3-terror/node_modules/jest-circus/build/run.js:25:3)
    at runAndTransformResultsToJestFormat (/Users/liam/JAC CompSci/Web Programming II 420-4W6-AB/Assignments/exercise-3_3-terror/node_modules/jest-circus/build/legacy-code-todo-rewrite/jestAdapterInit.js:176:21)
[2021-3-15 20:23:19] ðŸ“¨ >> GET / {}
[2021-3-15 20:23:19] ðŸ’Œ << 200 OK
[2021-3-15 20:23:19] ðŸ“¨ >> GET /digimon {}
[2021-3-15 20:23:19] ðŸ’Œ << 404 NOT_FOUND
[2021-3-15 20:23:19] ðŸ“¨ >> PATCH /pokemon {}
[2021-3-15 20:23:19] ðŸ’Œ << 405 METHOD_NOT_ALLOWED
[2021-3-15 20:23:19] ðŸ“¨ >> POST /pokemon {"name":"Onyx","type":"Rock"}
[2021-3-15 20:23:19] ðŸ’Œ << 200 OK
[2021-3-15 20:23:19] ðŸ“¨ >> POST /pokemon {"name":"","type":"Grass"}
[2021-3-15 20:23:19] PokemonException: Cannot create Pokemon: Missing name.
    at Function.create (/Users/liam/JAC CompSci/Web Programming II 420-4W6-AB/Assignments/exercise-3_3-terror/src/models/Pokemon.js:26:13)
    at PokemonController.new (/Users/liam/JAC CompSci/Web Programming II 420-4W6-AB/Assignments/exercise-3_3-terror/src/controllers/PokemonController.js:44:27)
    at PokemonController.doAction (/Users/liam/JAC CompSci/Web Programming II 420-4W6-AB/Assignments/exercise-3_3-terror/src/controllers/Controller.js:20:18)
    at Router.dispatch (/Users/liam/JAC CompSci/Web Programming II 420-4W6-AB/Assignments/exercise-3_3-terror/src/router/Router.js:34:35)
    at App.sendResponse (/Users/liam/JAC CompSci/Web Programming II 420-4W6-AB/Assignments/exercise-3_3-terror/src/App.js:41:38)
    at Server.<anonymous> (/Users/liam/JAC CompSci/Web Programming II 420-4W6-AB/Assignments/exercise-3_3-terror/server.js:84:12)
    at processTicksAndRejections (node:internal/process/task_queues:93:5)
[2021-3-15 20:23:19] ðŸ’Œ << 400 BAD_REQUEST
[2021-3-15 20:23:19] ðŸ“¨ >> POST /pokemon {"name":"Pikachu","type":""}
[2021-3-15 20:23:19] PokemonException: Cannot create Pokemon: Missing type.
    at Function.create (/Users/liam/JAC CompSci/Web Programming II 420-4W6-AB/Assignments/exercise-3_3-terror/src/models/Pokemon.js:28:13)
    at PokemonController.new (/Users/liam/JAC CompSci/Web Programming II 420-4W6-AB/Assignments/exercise-3_3-terror/src/controllers/PokemonController.js:44:27)
    at PokemonController.doAction (/Users/liam/JAC CompSci/Web Programming II 420-4W6-AB/Assignments/exercise-3_3-terror/src/controllers/Controller.js:20:18)
    at Router.dispatch (/Users/liam/JAC CompSci/Web Programming II 420-4W6-AB/Assignments/exercise-3_3-terror/src/router/Router.js:34:35)
    at App.sendResponse (/Users/liam/JAC CompSci/Web Programming II 420-4W6-AB/Assignments/exercise-3_3-terror/src/App.js:41:38)
    at Server.<anonymous> (/Users/liam/JAC CompSci/Web Programming II 420-4W6-AB/Assignments/exercise-3_3-terror/server.js:84:12)
    at processTicksAndRejections (node:internal/process/task_queues:93:5)
[2021-3-15 20:23:19] ðŸ’Œ << 400 BAD_REQUEST
[2021-3-15 20:23:20] ðŸ“¨ >> POST /pokemon {"name":"Squirtle","type":"Poison"}
[2021-3-15 20:23:20] PokemonException: Cannot create Pokemon: Duplicate name.
    at Function.create (/Users/liam/JAC CompSci/Web Programming II 420-4W6-AB/Assignments/exercise-3_3-terror/src/models/Pokemon.js:37:13)
    at processTicksAndRejections (node:internal/process/task_queues:93:5)
    at async PokemonController.new (/Users/liam/JAC CompSci/Web Programming II 420-4W6-AB/Assignments/exercise-3_3-terror/src/controllers/PokemonController.js:44:13)
    at async Router.dispatch (/Users/liam/JAC CompSci/Web Programming II 420-4W6-AB/Assignments/exercise-3_3-terror/src/router/Router.js:34:13)
    at async App.sendResponse (/Users/liam/JAC CompSci/Web Programming II 420-4W6-AB/Assignments/exercise-3_3-terror/src/App.js:41:20)
    at async Server.<anonymous> (/Users/liam/JAC CompSci/Web Programming II 420-4W6-AB/Assignments/exercise-3_3-terror/server.js:84:2)
[2021-3-15 20:23:20] ðŸ’Œ << 400 BAD_REQUEST
[2021-3-15 20:23:20] ðŸ“¨ >> GET /pokemon {}
[2021-3-15 20:23:20] ðŸ’Œ << 200 OK
[2021-3-15 20:23:20] ðŸ“¨ >> GET /pokemon/1 {}
[2021-3-15 20:23:20] ðŸ’Œ << 200 OK
[2021-3-15 20:23:20] ðŸ“¨ >> GET /pokemon/60 {}
[2021-3-15 20:23:20] PokemonException: Cannot retrieve Pokemon: Pokemon does not exist with ID 60.
    at PokemonController.show (/Users/liam/JAC CompSci/Web Programming II 420-4W6-AB/Assignments/exercise-3_3-terror/src/controllers/PokemonController.js:76:13)
    at processTicksAndRejections (node:internal/process/task_queues:93:5)
    at async Router.dispatch (/Users/liam/JAC CompSci/Web Programming II 420-4W6-AB/Assignments/exercise-3_3-terror/src/router/Router.js:34:13)
    at async App.sendResponse (/Users/liam/JAC CompSci/Web Programming II 420-4W6-AB/Assignments/exercise-3_3-terror/src/App.js:41:20)
    at async Server.<anonymous> (/Users/liam/JAC CompSci/Web Programming II 420-4W6-AB/Assignments/exercise-3_3-terror/server.js:84:2)
[2021-3-15 20:23:20] ðŸ’Œ << 400 BAD_REQUEST
[2021-3-15 20:23:20] ðŸ“¨ >> PUT /pokemon/1 {"name":"Clefairy"}
[2021-3-15 20:23:20] ðŸ’Œ << 200 OK
[2021-3-15 20:23:20] ðŸ“¨ >> GET /pokemon/1 {}
[2021-3-15 20:23:20] ðŸ’Œ << 200 OK
[2021-3-15 20:23:20] ðŸ“¨ >> PUT /pokemon/56 {"name":"Charmander"}
[2021-3-15 20:23:20] PokemonException: Cannot update Pokemon: Pokemon does not exist with ID 56.
    at PokemonController.edit (/Users/liam/JAC CompSci/Web Programming II 420-4W6-AB/Assignments/exercise-3_3-terror/src/controllers/PokemonController.js:107:13)
    at processTicksAndRejections (node:internal/process/task_queues:93:5)
    at async Router.dispatch (/Users/liam/JAC CompSci/Web Programming II 420-4W6-AB/Assignments/exercise-3_3-terror/src/router/Router.js:34:13)
    at async App.sendResponse (/Users/liam/JAC CompSci/Web Programming II 420-4W6-AB/Assignments/exercise-3_3-terror/src/App.js:41:20)
    at async Server.<anonymous> (/Users/liam/JAC CompSci/Web Programming II 420-4W6-AB/Assignments/exercise-3_3-terror/server.js:84:2)
[2021-3-15 20:23:20] ðŸ’Œ << 400 BAD_REQUEST
[2021-3-15 20:23:20] ðŸ“¨ >> PUT /pokemon/1 {"name":""}
[2021-3-15 20:23:20] PokemonException: Cannot update Pokemon: No update parameters were provided.
    at PokemonController.edit (/Users/liam/JAC CompSci/Web Programming II 420-4W6-AB/Assignments/exercise-3_3-terror/src/controllers/PokemonController.js:93:13)
    at PokemonController.doAction (/Users/liam/JAC CompSci/Web Programming II 420-4W6-AB/Assignments/exercise-3_3-terror/src/controllers/Controller.js:20:18)
    at Router.dispatch (/Users/liam/JAC CompSci/Web Programming II 420-4W6-AB/Assignments/exercise-3_3-terror/src/router/Router.js:34:35)
    at App.sendResponse (/Users/liam/JAC CompSci/Web Programming II 420-4W6-AB/Assignments/exercise-3_3-terror/src/App.js:41:38)
    at Server.<anonymous> (/Users/liam/JAC CompSci/Web Programming II 420-4W6-AB/Assignments/exercise-3_3-terror/server.js:84:12)
    at processTicksAndRejections (node:internal/process/task_queues:93:5)
[2021-3-15 20:23:20] ðŸ’Œ << 400 BAD_REQUEST
[2021-3-15 20:23:20] ðŸ“¨ >> PUT /pokemon/1 {"type":""}
[2021-3-15 20:23:20] PokemonException: Cannot update Pokemon: No update parameters were provided.
    at PokemonController.edit (/Users/liam/JAC CompSci/Web Programming II 420-4W6-AB/Assignments/exercise-3_3-terror/src/controllers/PokemonController.js:93:13)
    at PokemonController.doAction (/Users/liam/JAC CompSci/Web Programming II 420-4W6-AB/Assignments/exercise-3_3-terror/src/controllers/Controller.js:20:18)
    at Router.dispatch (/Users/liam/JAC CompSci/Web Programming II 420-4W6-AB/Assignments/exercise-3_3-terror/src/router/Router.js:34:35)
    at App.sendResponse (/Users/liam/JAC CompSci/Web Programming II 420-4W6-AB/Assignments/exercise-3_3-terror/src/App.js:41:38)
    at Server.<anonymous> (/Users/liam/JAC CompSci/Web Programming II 420-4W6-AB/Assignments/exercise-3_3-terror/server.js:84:12)
    at processTicksAndRejections (node:internal/process/task_queues:93:5)
[2021-3-15 20:23:20] ðŸ’Œ << 400 BAD_REQUEST
[2021-3-15 20:23:20] ðŸ“¨ >> DELETE /pokemon/1 {}
[2021-3-15 20:23:20] ðŸ’Œ << 200 OK
[2021-3-15 20:23:20] ðŸ“¨ >> GET /pokemon/1 {}
[2021-3-15 20:23:20] PokemonException: Cannot retrieve Pokemon: Pokemon does not exist with ID 1.
    at PokemonController.show (/Users/liam/JAC CompSci/Web Programming II 420-4W6-AB/Assignments/exercise-3_3-terror/src/controllers/PokemonController.js:76:13)
    at processTicksAndRejections (node:internal/process/task_queues:93:5)
    at async Router.dispatch (/Users/liam/JAC CompSci/Web Programming II 420-4W6-AB/Assignments/exercise-3_3-terror/src/router/Router.js:34:13)
    at async App.sendResponse (/Users/liam/JAC CompSci/Web Programming II 420-4W6-AB/Assignments/exercise-3_3-terror/src/App.js:41:20)
    at async Server.<anonymous> (/Users/liam/JAC CompSci/Web Programming II 420-4W6-AB/Assignments/exercise-3_3-terror/server.js:84:2)
[2021-3-15 20:23:20] ðŸ’Œ << 400 BAD_REQUEST
[2021-3-15 20:23:20] ðŸ“¨ >> DELETE /pokemon/26 {}
[2021-3-15 20:23:20] PokemonException: Cannot delete Pokemon: Pokemon does not exist with ID 26.
    at PokemonController.destroy (/Users/liam/JAC CompSci/Web Programming II 420-4W6-AB/Assignments/exercise-3_3-terror/src/controllers/PokemonController.js:142:13)
    at processTicksAndRejections (node:internal/process/task_queues:93:5)
    at async Router.dispatch (/Users/liam/JAC CompSci/Web Programming II 420-4W6-AB/Assignments/exercise-3_3-terror/src/router/Router.js:34:13)
    at async App.sendResponse (/Users/liam/JAC CompSci/Web Programming II 420-4W6-AB/Assignments/exercise-3_3-terror/src/App.js:41:20)
    at async Server.<anonymous> (/Users/liam/JAC CompSci/Web Programming II 420-4W6-AB/Assignments/exercise-3_3-terror/server.js:84:2)
[2021-3-15 20:23:20] ðŸ’Œ << 400 BAD_REQUEST
[2021-3-15 20:23:22] ðŸ“¨ >> GET / ""
[2021-3-15 20:23:22] ðŸ’Œ << 200 OK
[2021-3-15 20:23:22] ðŸ“¨ >> GET /digimon ""
[2021-3-15 20:23:22] ðŸ’Œ << 404 NOT_FOUND
[2021-3-15 20:23:22] ðŸ“¨ >> GET / ""
[2021-3-15 20:23:22] ðŸ’Œ << 200 OK
[2021-3-15 20:23:31] ðŸ“¨ >> GET / ""
[2021-3-15 20:23:31] ðŸ’Œ << 200 OK
[2021-3-15 20:23:33] ðŸ“¨ >> GET / ""
[2021-3-15 20:23:33] ðŸ’Œ << 200 OK
[2021-3-15 20:23:34] ðŸ“¨ >> GET / ""
[2021-3-15 20:23:34] ðŸ’Œ << 200 OK
[2021-3-15 20:23:36] ðŸ“¨ >> GET /pokemon/1 ""
[2021-3-15 20:23:36] ðŸ’Œ << 200 OK
[2021-3-15 20:23:37] ðŸ“¨ >> GET /pokemon/7 ""
[2021-3-15 20:23:37] PokemonException: Cannot retrieve Pokemon: Pokemon does not exist with ID 7.
    at PokemonController.show (/Users/liam/JAC CompSci/Web Programming II 420-4W6-AB/Assignments/exercise-3_3-terror/src/controllers/PokemonController.js:76:13)
    at processTicksAndRejections (node:internal/process/task_queues:93:5)
    at async Router.dispatch (/Users/liam/JAC CompSci/Web Programming II 420-4W6-AB/Assignments/exercise-3_3-terror/src/router/Router.js:34:13)
    at async App.sendResponse (/Users/liam/JAC CompSci/Web Programming II 420-4W6-AB/Assignments/exercise-3_3-terror/src/App.js:41:20)
    at async Server.<anonymous> (/Users/liam/JAC CompSci/Web Programming II 420-4W6-AB/Assignments/exercise-3_3-terror/server.js:84:2)
[2021-3-15 20:23:37] ðŸ’Œ << 400 BAD_REQUEST
[2021-3-15 20:23:37] ðŸ“¨ >> GET /pokemon/1 ""
[2021-3-15 20:23:37] ðŸ’Œ << 200 OK
[2021-3-15 20:23:39] ðŸ“¨ >> GET / ""
[2021-3-15 20:23:39] ðŸ’Œ << 200 OK
[2021-3-15 20:23:40] ðŸ“¨ >> GET / ""
[2021-3-15 20:23:40] ðŸ’Œ << 200 OK
[2021-3-15 20:23:41] ðŸ“¨ >> GET / ""
[2021-3-15 20:23:41] ðŸ’Œ << 200 OK
[2021-3-15 20:23:42] ðŸ“¨ >> GET / ""
[2021-3-15 20:23:42] ðŸ’Œ << 200 OK
[2021-3-15 20:23:43] ðŸ“¨ >> GET / ""
[2021-3-15 20:23:43] ðŸ’Œ << 200 OK
